Started GET "/" for ::1 at 2017-02-08 22:09:08 +0800
  
ActiveRecord::PendingMigrationError (

Migrations are pending. To resolve this issue, run:

        bin/rails db:migrate RAILS_ENV=development

):
  
activerecord (5.0.1) lib/active_record/migration.rb:573:in `check_pending!'
activerecord (5.0.1) lib/active_record/migration.rb:549:in `call'
actionpack (5.0.1) lib/action_dispatch/middleware/callbacks.rb:38:in `block in call'
activesupport (5.0.1) lib/active_support/callbacks.rb:97:in `__run_callbacks__'
activesupport (5.0.1) lib/active_support/callbacks.rb:750:in `_run_call_callbacks'
activesupport (5.0.1) lib/active_support/callbacks.rb:90:in `run_callbacks'
actionpack (5.0.1) lib/action_dispatch/middleware/callbacks.rb:36:in `call'
actionpack (5.0.1) lib/action_dispatch/middleware/executor.rb:12:in `call'
actionpack (5.0.1) lib/action_dispatch/middleware/remote_ip.rb:79:in `call'
actionpack (5.0.1) lib/action_dispatch/middleware/debug_exceptions.rb:49:in `call'
web-console (3.4.0) lib/web_console/middleware.rb:135:in `call_app'
web-console (3.4.0) lib/web_console/middleware.rb:28:in `block in call'
web-console (3.4.0) lib/web_console/middleware.rb:18:in `catch'
web-console (3.4.0) lib/web_console/middleware.rb:18:in `call'
actionpack (5.0.1) lib/action_dispatch/middleware/show_exceptions.rb:31:in `call'
railties (5.0.1) lib/rails/rack/logger.rb:36:in `call_app'
railties (5.0.1) lib/rails/rack/logger.rb:24:in `block in call'
activesupport (5.0.1) lib/active_support/tagged_logging.rb:69:in `block in tagged'
activesupport (5.0.1) lib/active_support/tagged_logging.rb:26:in `tagged'
activesupport (5.0.1) lib/active_support/tagged_logging.rb:69:in `tagged'
railties (5.0.1) lib/rails/rack/logger.rb:24:in `call'
sprockets-rails (3.2.0) lib/sprockets/rails/quiet_assets.rb:13:in `call'
actionpack (5.0.1) lib/action_dispatch/middleware/request_id.rb:24:in `call'
rack (2.0.1) lib/rack/method_override.rb:22:in `call'
rack (2.0.1) lib/rack/runtime.rb:22:in `call'
activesupport (5.0.1) lib/active_support/cache/strategy/local_cache_middleware.rb:28:in `call'
actionpack (5.0.1) lib/action_dispatch/middleware/executor.rb:12:in `call'
actionpack (5.0.1) lib/action_dispatch/middleware/static.rb:136:in `call'
rack (2.0.1) lib/rack/sendfile.rb:111:in `call'
railties (5.0.1) lib/rails/engine.rb:522:in `call'
puma (3.6.2) lib/puma/configuration.rb:225:in `call'
puma (3.6.2) lib/puma/server.rb:578:in `handle_request'
puma (3.6.2) lib/puma/server.rb:415:in `process_client'
puma (3.6.2) lib/puma/server.rb:275:in `block in run'
puma (3.6.2) lib/puma/thread_pool.rb:116:in `block in spawn_thread'
  Rendering c:/RailsInstaller/Ruby2.3.0/lib/ruby/gems/2.3.0/gems/actionpack-5.0.1/lib/action_dispatch/middleware/templates/rescues/diagnostics.html.erb within rescues/layout
  Rendering c:/RailsInstaller/Ruby2.3.0/lib/ruby/gems/2.3.0/gems/actionpack-5.0.1/lib/action_dispatch/middleware/templates/rescues/_source.html.erb
  Rendered c:/RailsInstaller/Ruby2.3.0/lib/ruby/gems/2.3.0/gems/actionpack-5.0.1/lib/action_dispatch/middleware/templates/rescues/_source.html.erb (4.0ms)
  Rendering c:/RailsInstaller/Ruby2.3.0/lib/ruby/gems/2.3.0/gems/actionpack-5.0.1/lib/action_dispatch/middleware/templates/rescues/_trace.html.erb
  Rendered c:/RailsInstaller/Ruby2.3.0/lib/ruby/gems/2.3.0/gems/actionpack-5.0.1/lib/action_dispatch/middleware/templates/rescues/_trace.html.erb (4.0ms)
  Rendering c:/RailsInstaller/Ruby2.3.0/lib/ruby/gems/2.3.0/gems/actionpack-5.0.1/lib/action_dispatch/middleware/templates/rescues/_request_and_response.html.erb
  Rendered c:/RailsInstaller/Ruby2.3.0/lib/ruby/gems/2.3.0/gems/actionpack-5.0.1/lib/action_dispatch/middleware/templates/rescues/_request_and_response.html.erb (0.0ms)
  Rendered c:/RailsInstaller/Ruby2.3.0/lib/ruby/gems/2.3.0/gems/actionpack-5.0.1/lib/action_dispatch/middleware/templates/rescues/diagnostics.html.erb within rescues/layout (2408.1ms)
  [1m[35m (31.3ms)[0m  [1m[35mCREATE TABLE "schema_migrations" ("version" varchar NOT NULL PRIMARY KEY)[0m
  [1m[35m (15.6ms)[0m  [1m[35mCREATE TABLE "ar_internal_metadata" ("key" varchar NOT NULL PRIMARY KEY, "value" varchar, "created_at" datetime NOT NULL, "updated_at" datetime NOT NULL)[0m
  [1m[36mActiveRecord::SchemaMigration Load (0.0ms)[0m  [1m[34mSELECT "schema_migrations".* FROM "schema_migrations"[0m
Migrating to CreateJobs (20170107113513)
  [1m[35m (0.0ms)[0m  [1m[36mbegin transaction[0m
  [1m[35m (0.0ms)[0m  [1m[35mCREATE TABLE "jobs" ("id" INTEGER PRIMARY KEY AUTOINCREMENT NOT NULL, "title" varchar, "company" varchar, "url" varchar, "created_at" datetime NOT NULL, "updated_at" datetime NOT NULL)[0m
  [1m[35mSQL (0.0ms)[0m  [1m[32mINSERT INTO "schema_migrations" ("version") VALUES (?)[0m  [["version", "20170107113513"]]
  [1m[35m (15.6ms)[0m  [1m[36mcommit transaction[0m
  [1m[36mActiveRecord::InternalMetadata Load (0.0ms)[0m  [1m[34mSELECT  "ar_internal_metadata".* FROM "ar_internal_metadata" WHERE "ar_internal_metadata"."key" = ? LIMIT ?[0m  [["key", :environment], ["LIMIT", 1]]
  [1m[35m (0.0ms)[0m  [1m[36mbegin transaction[0m
  [1m[35mSQL (0.0ms)[0m  [1m[32mINSERT INTO "ar_internal_metadata" ("key", "value", "created_at", "updated_at") VALUES (?, ?, ?, ?)[0m  [["key", "environment"], ["value", "development"], ["created_at", 2017-02-08 14:10:26 UTC], ["updated_at", 2017-02-08 14:10:26 UTC]]
  [1m[35m (15.6ms)[0m  [1m[36mcommit transaction[0m
  [1m[36mActiveRecord::SchemaMigration Load (0.0ms)[0m  [1m[34mSELECT "schema_migrations".* FROM "schema_migrations"[0m
Started GET "/" for ::1 at 2017-02-08 22:10:41 +0800
  [1m[36mActiveRecord::SchemaMigration Load (0.0ms)[0m  [1m[34mSELECT "schema_migrations".* FROM "schema_migrations"[0m
Processing by JobsController#index as HTML
  Rendering jobs/index.html.erb within layouts/application
  [1m[36mJob Load (0.0ms)[0m  [1m[34mSELECT  "jobs".* FROM "jobs" LIMIT ? OFFSET ?[0m  [["LIMIT", 9], ["OFFSET", 0]]
  [1m[35m (0.0ms)[0m  [1m[34mSELECT COUNT(*) FROM "jobs"[0m
  Rendered jobs/index.html.erb within layouts/application (17025.7ms)
Completed 200 OK in 17510ms (Views: 17456.4ms | ActiveRecord: 0.0ms)


Started GET "/jobs/new" for ::1 at 2017-02-08 22:11:35 +0800
Processing by JobsController#new as HTML
  Rendering jobs/new.html.erb within layouts/application
  Rendered jobs/new.html.erb within layouts/application (1061.6ms)
Completed 200 OK in 1424ms (Views: 1385.6ms | ActiveRecord: 0.0ms)


Started GET "/jobs/new" for ::1 at 2017-02-08 22:11:45 +0800
Processing by JobsController#new as HTML
  Rendering jobs/new.html.erb within layouts/application
  Rendered jobs/new.html.erb within layouts/application (15.6ms)
Completed 200 OK in 258ms (Views: 247.9ms | ActiveRecord: 0.0ms)


Started GET "/" for ::1 at 2017-02-08 22:11:46 +0800
Processing by JobsController#index as HTML
  Rendering jobs/index.html.erb within layouts/application
  [1m[36mJob Load (0.0ms)[0m  [1m[34mSELECT  "jobs".* FROM "jobs" LIMIT ? OFFSET ?[0m  [["LIMIT", 9], ["OFFSET", 0]]
  [1m[35m (0.0ms)[0m  [1m[34mSELECT COUNT(*) FROM "jobs"[0m
  Rendered jobs/index.html.erb within layouts/application (89.7ms)
Completed 200 OK in 368ms (Views: 340.8ms | ActiveRecord: 0.0ms)


Started GET "/jobs/new" for ::1 at 2017-02-08 22:11:48 +0800
Processing by JobsController#new as HTML
  Rendering jobs/new.html.erb within layouts/application
  Rendered jobs/new.html.erb within layouts/application (21.8ms)
Completed 200 OK in 274ms (Views: 260.7ms | ActiveRecord: 0.0ms)


Started GET "/" for ::1 at 2017-02-08 22:11:49 +0800
Processing by JobsController#index as HTML
  Rendering jobs/index.html.erb within layouts/application
  [1m[36mJob Load (0.0ms)[0m  [1m[34mSELECT  "jobs".* FROM "jobs" LIMIT ? OFFSET ?[0m  [["LIMIT", 9], ["OFFSET", 0]]
  [1m[35m (0.0ms)[0m  [1m[34mSELECT COUNT(*) FROM "jobs"[0m
  Rendered jobs/index.html.erb within layouts/application (89.1ms)
Completed 200 OK in 340ms (Views: 315.0ms | ActiveRecord: 0.0ms)


Started GET "/jobs/new" for ::1 at 2017-02-08 22:20:38 +0800
Processing by JobsController#new as HTML
  Rendering jobs/new.html.erb within layouts/application
  Rendered jobs/new.html.erb within layouts/application (0.0ms)
Completed 200 OK in 287ms (Views: 264.6ms | ActiveRecord: 0.0ms)


Started POST "/jobs" for ::1 at 2017-02-08 22:21:03 +0800
Processing by JobsController#create as HTML
  Parameters: {"utf8"=>"✓", "authenticity_token"=>"k98XHjtazIsRn882sBMmuAwLDR73ln6sX8Ffa6oIf54JQ7CK+3EmiG0aJSIBelHdfMDXE188pEW4zQChtZLNjQ==", "job"=>{"title"=>"ksl", "company"=>"klajs", "url"=>"http://www.klsaj.com"}, "commit"=>"Create Job"}
  [1m[35m (0.0ms)[0m  [1m[36mbegin transaction[0m
  [1m[36mJob Exists (0.0ms)[0m  [1m[34mSELECT  1 AS one FROM "jobs" WHERE "jobs"."url" = ? LIMIT ?[0m  [["url", "http://www.klsaj.com"], ["LIMIT", 1]]
  [1m[35mSQL (0.0ms)[0m  [1m[32mINSERT INTO "jobs" ("title", "company", "url", "created_at", "updated_at") VALUES (?, ?, ?, ?, ?)[0m  [["title", "ksl"], ["company", "klajs"], ["url", "http://www.klsaj.com"], ["created_at", 2017-02-08 14:21:04 UTC], ["updated_at", 2017-02-08 14:21:04 UTC]]
  [1m[35m (8.0ms)[0m  [1m[36mcommit transaction[0m
Redirected to http://localhost:3000/
Completed 302 Found in 204ms (ActiveRecord: 8.0ms)


Started GET "/" for ::1 at 2017-02-08 22:21:04 +0800
Processing by JobsController#index as HTML
  Rendering jobs/index.html.erb within layouts/application
  [1m[36mJob Load (4.0ms)[0m  [1m[34mSELECT  "jobs".* FROM "jobs" LIMIT ? OFFSET ?[0m  [["LIMIT", 9], ["OFFSET", 0]]
  [1m[35m (0.0ms)[0m  [1m[34mSELECT COUNT(*) FROM "jobs"[0m
  Rendered jobs/index.html.erb within layouts/application (84.0ms)
Completed 200 OK in 364ms (Views: 315.2ms | ActiveRecord: 4.0ms)


Started GET "/" for 127.0.0.1 at 2017-02-08 22:49:43 +0800
  [1m[36mActiveRecord::SchemaMigration Load (4.0ms)[0m  [1m[34mSELECT "schema_migrations".* FROM "schema_migrations"[0m
Processing by JobsController#index as HTML
  Rendering jobs/index.html.erb within layouts/application
  [1m[36mJob Load (4.0ms)[0m  [1m[34mSELECT  "jobs".* FROM "jobs" LIMIT ? OFFSET ?[0m  [["LIMIT", 9], ["OFFSET", 0]]
  [1m[35m (0.0ms)[0m  [1m[34mSELECT COUNT(*) FROM "jobs"[0m
  Rendered jobs/index.html.erb within layouts/application (448.1ms)
Completed 200 OK in 10195ms (Views: 10126.8ms | ActiveRecord: 8.0ms)


Started GET "/images/pin.png" for ::1 at 2017-02-08 22:50:20 +0800
  
ActionController::RoutingError (No route matches [GET] "/images/pin.png"):
  
actionpack (5.0.1) lib/action_dispatch/middleware/debug_exceptions.rb:53:in `call'
web-console (3.4.0) lib/web_console/middleware.rb:135:in `call_app'
web-console (3.4.0) lib/web_console/middleware.rb:28:in `block in call'
web-console (3.4.0) lib/web_console/middleware.rb:18:in `catch'
web-console (3.4.0) lib/web_console/middleware.rb:18:in `call'
actionpack (5.0.1) lib/action_dispatch/middleware/show_exceptions.rb:31:in `call'
railties (5.0.1) lib/rails/rack/logger.rb:36:in `call_app'
railties (5.0.1) lib/rails/rack/logger.rb:24:in `block in call'
activesupport (5.0.1) lib/active_support/tagged_logging.rb:69:in `block in tagged'
activesupport (5.0.1) lib/active_support/tagged_logging.rb:26:in `tagged'
activesupport (5.0.1) lib/active_support/tagged_logging.rb:69:in `tagged'
railties (5.0.1) lib/rails/rack/logger.rb:24:in `call'
sprockets-rails (3.2.0) lib/sprockets/rails/quiet_assets.rb:13:in `call'
actionpack (5.0.1) lib/action_dispatch/middleware/request_id.rb:24:in `call'
rack (2.0.1) lib/rack/method_override.rb:22:in `call'
rack (2.0.1) lib/rack/runtime.rb:22:in `call'
activesupport (5.0.1) lib/active_support/cache/strategy/local_cache_middleware.rb:28:in `call'
actionpack (5.0.1) lib/action_dispatch/middleware/executor.rb:12:in `call'
actionpack (5.0.1) lib/action_dispatch/middleware/static.rb:136:in `call'
rack (2.0.1) lib/rack/sendfile.rb:111:in `call'
railties (5.0.1) lib/rails/engine.rb:522:in `call'
puma (3.6.2) lib/puma/configuration.rb:225:in `call'
puma (3.6.2) lib/puma/server.rb:578:in `handle_request'
puma (3.6.2) lib/puma/server.rb:415:in `process_client'
puma (3.6.2) lib/puma/server.rb:275:in `block in run'
puma (3.6.2) lib/puma/thread_pool.rb:116:in `block in spawn_thread'
  Rendering c:/RailsInstaller/Ruby2.3.0/lib/ruby/gems/2.3.0/gems/actionpack-5.0.1/lib/action_dispatch/middleware/templates/rescues/routing_error.html.erb within rescues/layout
  Rendering c:/RailsInstaller/Ruby2.3.0/lib/ruby/gems/2.3.0/gems/actionpack-5.0.1/lib/action_dispatch/middleware/templates/rescues/_trace.html.erb
  Rendered c:/RailsInstaller/Ruby2.3.0/lib/ruby/gems/2.3.0/gems/actionpack-5.0.1/lib/action_dispatch/middleware/templates/rescues/_trace.html.erb (4.0ms)
  Rendered collection of c:/RailsInstaller/Ruby2.3.0/lib/ruby/gems/2.3.0/gems/actionpack-5.0.1/lib/action_dispatch/middleware/templates/routes/_route.html.erb [9 times] (8.0ms)
  Rendered c:/RailsInstaller/Ruby2.3.0/lib/ruby/gems/2.3.0/gems/actionpack-5.0.1/lib/action_dispatch/middleware/templates/routes/_table.html.erb (28.0ms)
  Rendering c:/RailsInstaller/Ruby2.3.0/lib/ruby/gems/2.3.0/gems/actionpack-5.0.1/lib/action_dispatch/middleware/templates/rescues/_request_and_response.html.erb
  Rendered c:/RailsInstaller/Ruby2.3.0/lib/ruby/gems/2.3.0/gems/actionpack-5.0.1/lib/action_dispatch/middleware/templates/rescues/_request_and_response.html.erb (4.0ms)
  Rendered c:/RailsInstaller/Ruby2.3.0/lib/ruby/gems/2.3.0/gems/actionpack-5.0.1/lib/action_dispatch/middleware/templates/rescues/routing_error.html.erb within rescues/layout (2756.1ms)
Started GET "/images/jobLogo.png" for ::1 at 2017-02-08 22:50:29 +0800
  
ActionController::RoutingError (No route matches [GET] "/images/jobLogo.png"):
  
actionpack (5.0.1) lib/action_dispatch/middleware/debug_exceptions.rb:53:in `call'
web-console (3.4.0) lib/web_console/middleware.rb:135:in `call_app'
web-console (3.4.0) lib/web_console/middleware.rb:28:in `block in call'
web-console (3.4.0) lib/web_console/middleware.rb:18:in `catch'
web-console (3.4.0) lib/web_console/middleware.rb:18:in `call'
actionpack (5.0.1) lib/action_dispatch/middleware/show_exceptions.rb:31:in `call'
railties (5.0.1) lib/rails/rack/logger.rb:36:in `call_app'
railties (5.0.1) lib/rails/rack/logger.rb:24:in `block in call'
activesupport (5.0.1) lib/active_support/tagged_logging.rb:69:in `block in tagged'
activesupport (5.0.1) lib/active_support/tagged_logging.rb:26:in `tagged'
activesupport (5.0.1) lib/active_support/tagged_logging.rb:69:in `tagged'
railties (5.0.1) lib/rails/rack/logger.rb:24:in `call'
sprockets-rails (3.2.0) lib/sprockets/rails/quiet_assets.rb:13:in `call'
actionpack (5.0.1) lib/action_dispatch/middleware/request_id.rb:24:in `call'
rack (2.0.1) lib/rack/method_override.rb:22:in `call'
rack (2.0.1) lib/rack/runtime.rb:22:in `call'
activesupport (5.0.1) lib/active_support/cache/strategy/local_cache_middleware.rb:28:in `call'
actionpack (5.0.1) lib/action_dispatch/middleware/executor.rb:12:in `call'
actionpack (5.0.1) lib/action_dispatch/middleware/static.rb:136:in `call'
rack (2.0.1) lib/rack/sendfile.rb:111:in `call'
railties (5.0.1) lib/rails/engine.rb:522:in `call'
puma (3.6.2) lib/puma/configuration.rb:225:in `call'
puma (3.6.2) lib/puma/server.rb:578:in `handle_request'
puma (3.6.2) lib/puma/server.rb:415:in `process_client'
puma (3.6.2) lib/puma/server.rb:275:in `block in run'
puma (3.6.2) lib/puma/thread_pool.rb:116:in `block in spawn_thread'
  Rendering c:/RailsInstaller/Ruby2.3.0/lib/ruby/gems/2.3.0/gems/actionpack-5.0.1/lib/action_dispatch/middleware/templates/rescues/routing_error.html.erb within rescues/layout
  Rendering c:/RailsInstaller/Ruby2.3.0/lib/ruby/gems/2.3.0/gems/actionpack-5.0.1/lib/action_dispatch/middleware/templates/rescues/_trace.html.erb
  Rendered c:/RailsInstaller/Ruby2.3.0/lib/ruby/gems/2.3.0/gems/actionpack-5.0.1/lib/action_dispatch/middleware/templates/rescues/_trace.html.erb (4.0ms)
  Rendered collection of c:/RailsInstaller/Ruby2.3.0/lib/ruby/gems/2.3.0/gems/actionpack-5.0.1/lib/action_dispatch/middleware/templates/routes/_route.html.erb [9 times] (15.6ms)
  Rendered c:/RailsInstaller/Ruby2.3.0/lib/ruby/gems/2.3.0/gems/actionpack-5.0.1/lib/action_dispatch/middleware/templates/routes/_table.html.erb (0.0ms)
  Rendering c:/RailsInstaller/Ruby2.3.0/lib/ruby/gems/2.3.0/gems/actionpack-5.0.1/lib/action_dispatch/middleware/templates/rescues/_request_and_response.html.erb
  Rendered c:/RailsInstaller/Ruby2.3.0/lib/ruby/gems/2.3.0/gems/actionpack-5.0.1/lib/action_dispatch/middleware/templates/rescues/_request_and_response.html.erb (0.0ms)
  Rendered c:/RailsInstaller/Ruby2.3.0/lib/ruby/gems/2.3.0/gems/actionpack-5.0.1/lib/action_dispatch/middleware/templates/rescues/routing_error.html.erb within rescues/layout (2705.0ms)
  [1m[36mActiveRecord::SchemaMigration Load (0.0ms)[0m  [1m[34mSELECT "schema_migrations".* FROM "schema_migrations"[0m
  [1m[35m (0.0ms)[0m  [1m[34mSELECT "ar_internal_metadata"."value" FROM "ar_internal_metadata" WHERE "ar_internal_metadata"."key" = ?[0m  [["key", :environment]]
  [1m[36mActiveRecord::SchemaMigration Load (0.0ms)[0m  [1m[34mSELECT "schema_migrations".* FROM "schema_migrations"[0m
  [1m[35m (0.0ms)[0m  [1m[34mSELECT "ar_internal_metadata"."value" FROM "ar_internal_metadata" WHERE "ar_internal_metadata"."key" = ?[0m  [["key", :environment]]
  [1m[36mActiveRecord::SchemaMigration Load (0.0ms)[0m  [1m[34mSELECT "schema_migrations".* FROM "schema_migrations"[0m
  [1m[35m (0.0ms)[0m  [1m[34mSELECT "ar_internal_metadata"."value" FROM "ar_internal_metadata" WHERE "ar_internal_metadata"."key" = ?[0m  [["key", :environment]]
Started GET "/" for ::1 at 2017-02-08 22:53:31 +0800
  [1m[36mActiveRecord::SchemaMigration Load (0.0ms)[0m  [1m[34mSELECT "schema_migrations".* FROM "schema_migrations"[0m
Processing by JobsController#index as HTML
  Rendering jobs/index.html.erb within layouts/application
  [1m[36mJob Load (0.0ms)[0m  [1m[34mSELECT  "jobs".* FROM "jobs" LIMIT ? OFFSET ?[0m  [["LIMIT", 9], ["OFFSET", 0]]
  [1m[35m (0.0ms)[0m  [1m[34mSELECT COUNT(*) FROM "jobs"[0m
  Rendered jobs/index.html.erb within layouts/application (448.0ms)
Completed 200 OK in 1052ms (Views: 990.8ms | ActiveRecord: 4.0ms)


Started GET "/images/pin.png" for ::1 at 2017-02-08 22:53:55 +0800
  
ActionController::RoutingError (No route matches [GET] "/images/pin.png"):
  
actionpack (5.0.1) lib/action_dispatch/middleware/debug_exceptions.rb:53:in `call'
web-console (3.4.0) lib/web_console/middleware.rb:135:in `call_app'
web-console (3.4.0) lib/web_console/middleware.rb:28:in `block in call'
web-console (3.4.0) lib/web_console/middleware.rb:18:in `catch'
web-console (3.4.0) lib/web_console/middleware.rb:18:in `call'
actionpack (5.0.1) lib/action_dispatch/middleware/show_exceptions.rb:31:in `call'
railties (5.0.1) lib/rails/rack/logger.rb:36:in `call_app'
railties (5.0.1) lib/rails/rack/logger.rb:24:in `block in call'
activesupport (5.0.1) lib/active_support/tagged_logging.rb:69:in `block in tagged'
activesupport (5.0.1) lib/active_support/tagged_logging.rb:26:in `tagged'
activesupport (5.0.1) lib/active_support/tagged_logging.rb:69:in `tagged'
railties (5.0.1) lib/rails/rack/logger.rb:24:in `call'
sprockets-rails (3.2.0) lib/sprockets/rails/quiet_assets.rb:13:in `call'
actionpack (5.0.1) lib/action_dispatch/middleware/request_id.rb:24:in `call'
rack (2.0.1) lib/rack/method_override.rb:22:in `call'
rack (2.0.1) lib/rack/runtime.rb:22:in `call'
activesupport (5.0.1) lib/active_support/cache/strategy/local_cache_middleware.rb:28:in `call'
actionpack (5.0.1) lib/action_dispatch/middleware/executor.rb:12:in `call'
actionpack (5.0.1) lib/action_dispatch/middleware/static.rb:136:in `call'
rack (2.0.1) lib/rack/sendfile.rb:111:in `call'
railties (5.0.1) lib/rails/engine.rb:522:in `call'
puma (3.6.2) lib/puma/configuration.rb:225:in `call'
puma (3.6.2) lib/puma/server.rb:578:in `handle_request'
puma (3.6.2) lib/puma/server.rb:415:in `process_client'
puma (3.6.2) lib/puma/server.rb:275:in `block in run'
puma (3.6.2) lib/puma/thread_pool.rb:116:in `block in spawn_thread'
  Rendering c:/RailsInstaller/Ruby2.3.0/lib/ruby/gems/2.3.0/gems/actionpack-5.0.1/lib/action_dispatch/middleware/templates/rescues/routing_error.html.erb within rescues/layout
  Rendering c:/RailsInstaller/Ruby2.3.0/lib/ruby/gems/2.3.0/gems/actionpack-5.0.1/lib/action_dispatch/middleware/templates/rescues/_trace.html.erb
  Rendered c:/RailsInstaller/Ruby2.3.0/lib/ruby/gems/2.3.0/gems/actionpack-5.0.1/lib/action_dispatch/middleware/templates/rescues/_trace.html.erb (0.0ms)
  Rendered collection of c:/RailsInstaller/Ruby2.3.0/lib/ruby/gems/2.3.0/gems/actionpack-5.0.1/lib/action_dispatch/middleware/templates/routes/_route.html.erb [9 times] (4.0ms)
  Rendered c:/RailsInstaller/Ruby2.3.0/lib/ruby/gems/2.3.0/gems/actionpack-5.0.1/lib/action_dispatch/middleware/templates/routes/_table.html.erb (52.0ms)
  Rendering c:/RailsInstaller/Ruby2.3.0/lib/ruby/gems/2.3.0/gems/actionpack-5.0.1/lib/action_dispatch/middleware/templates/rescues/_request_and_response.html.erb
  Rendered c:/RailsInstaller/Ruby2.3.0/lib/ruby/gems/2.3.0/gems/actionpack-5.0.1/lib/action_dispatch/middleware/templates/rescues/_request_and_response.html.erb (4.0ms)
  Rendered c:/RailsInstaller/Ruby2.3.0/lib/ruby/gems/2.3.0/gems/actionpack-5.0.1/lib/action_dispatch/middleware/templates/rescues/routing_error.html.erb within rescues/layout (2800.1ms)
Started GET "/" for ::1 at 2017-02-08 22:56:42 +0800
Processing by JobsController#index as HTML
  Rendering jobs/index.html.erb within layouts/application
  [1m[36mJob Load (4.0ms)[0m  [1m[34mSELECT  "jobs".* FROM "jobs" LIMIT ? OFFSET ?[0m  [["LIMIT", 9], ["OFFSET", 0]]
  [1m[35m (0.0ms)[0m  [1m[34mSELECT COUNT(*) FROM "jobs"[0m
  Rendered jobs/index.html.erb within layouts/application (84.0ms)
Completed 200 OK in 9060ms (Views: 8999.2ms | ActiveRecord: 4.0ms)


Started GET "/images/pin.png" for ::1 at 2017-02-08 22:56:51 +0800
  
ActionController::RoutingError (No route matches [GET] "/images/pin.png"):
  
actionpack (5.0.1) lib/action_dispatch/middleware/debug_exceptions.rb:53:in `call'
web-console (3.4.0) lib/web_console/middleware.rb:135:in `call_app'
web-console (3.4.0) lib/web_console/middleware.rb:28:in `block in call'
web-console (3.4.0) lib/web_console/middleware.rb:18:in `catch'
web-console (3.4.0) lib/web_console/middleware.rb:18:in `call'
actionpack (5.0.1) lib/action_dispatch/middleware/show_exceptions.rb:31:in `call'
railties (5.0.1) lib/rails/rack/logger.rb:36:in `call_app'
railties (5.0.1) lib/rails/rack/logger.rb:24:in `block in call'
activesupport (5.0.1) lib/active_support/tagged_logging.rb:69:in `block in tagged'
activesupport (5.0.1) lib/active_support/tagged_logging.rb:26:in `tagged'
activesupport (5.0.1) lib/active_support/tagged_logging.rb:69:in `tagged'
railties (5.0.1) lib/rails/rack/logger.rb:24:in `call'
sprockets-rails (3.2.0) lib/sprockets/rails/quiet_assets.rb:13:in `call'
actionpack (5.0.1) lib/action_dispatch/middleware/request_id.rb:24:in `call'
rack (2.0.1) lib/rack/method_override.rb:22:in `call'
rack (2.0.1) lib/rack/runtime.rb:22:in `call'
activesupport (5.0.1) lib/active_support/cache/strategy/local_cache_middleware.rb:28:in `call'
actionpack (5.0.1) lib/action_dispatch/middleware/executor.rb:12:in `call'
actionpack (5.0.1) lib/action_dispatch/middleware/static.rb:136:in `call'
rack (2.0.1) lib/rack/sendfile.rb:111:in `call'
railties (5.0.1) lib/rails/engine.rb:522:in `call'
puma (3.6.2) lib/puma/configuration.rb:225:in `call'
puma (3.6.2) lib/puma/server.rb:578:in `handle_request'
puma (3.6.2) lib/puma/server.rb:415:in `process_client'
puma (3.6.2) lib/puma/server.rb:275:in `block in run'
puma (3.6.2) lib/puma/thread_pool.rb:116:in `block in spawn_thread'
  Rendering c:/RailsInstaller/Ruby2.3.0/lib/ruby/gems/2.3.0/gems/actionpack-5.0.1/lib/action_dispatch/middleware/templates/rescues/routing_error.html.erb within rescues/layout
  Rendering c:/RailsInstaller/Ruby2.3.0/lib/ruby/gems/2.3.0/gems/actionpack-5.0.1/lib/action_dispatch/middleware/templates/rescues/_trace.html.erb
  Rendered c:/RailsInstaller/Ruby2.3.0/lib/ruby/gems/2.3.0/gems/actionpack-5.0.1/lib/action_dispatch/middleware/templates/rescues/_trace.html.erb (4.0ms)
  Rendered collection of c:/RailsInstaller/Ruby2.3.0/lib/ruby/gems/2.3.0/gems/actionpack-5.0.1/lib/action_dispatch/middleware/templates/routes/_route.html.erb [9 times] (4.0ms)
  Rendered c:/RailsInstaller/Ruby2.3.0/lib/ruby/gems/2.3.0/gems/actionpack-5.0.1/lib/action_dispatch/middleware/templates/routes/_table.html.erb (4.0ms)
  Rendering c:/RailsInstaller/Ruby2.3.0/lib/ruby/gems/2.3.0/gems/actionpack-5.0.1/lib/action_dispatch/middleware/templates/rescues/_request_and_response.html.erb
  Rendered c:/RailsInstaller/Ruby2.3.0/lib/ruby/gems/2.3.0/gems/actionpack-5.0.1/lib/action_dispatch/middleware/templates/rescues/_request_and_response.html.erb (0.0ms)
  Rendered c:/RailsInstaller/Ruby2.3.0/lib/ruby/gems/2.3.0/gems/actionpack-5.0.1/lib/action_dispatch/middleware/templates/rescues/routing_error.html.erb within rescues/layout (3132.1ms)
Started GET "/jobs/new" for ::1 at 2017-02-08 22:57:14 +0800
Processing by JobsController#new as HTML
  Rendering jobs/new.html.erb within layouts/application
  Rendered jobs/new.html.erb within layouts/application (203.1ms)
Completed 200 OK in 482ms (Views: 458.8ms | ActiveRecord: 0.0ms)


Started GET "/images/pin.png" for ::1 at 2017-02-08 22:57:15 +0800
  
ActionController::RoutingError (No route matches [GET] "/images/pin.png"):
  
actionpack (5.0.1) lib/action_dispatch/middleware/debug_exceptions.rb:53:in `call'
web-console (3.4.0) lib/web_console/middleware.rb:135:in `call_app'
web-console (3.4.0) lib/web_console/middleware.rb:28:in `block in call'
web-console (3.4.0) lib/web_console/middleware.rb:18:in `catch'
web-console (3.4.0) lib/web_console/middleware.rb:18:in `call'
actionpack (5.0.1) lib/action_dispatch/middleware/show_exceptions.rb:31:in `call'
railties (5.0.1) lib/rails/rack/logger.rb:36:in `call_app'
railties (5.0.1) lib/rails/rack/logger.rb:24:in `block in call'
activesupport (5.0.1) lib/active_support/tagged_logging.rb:69:in `block in tagged'
activesupport (5.0.1) lib/active_support/tagged_logging.rb:26:in `tagged'
activesupport (5.0.1) lib/active_support/tagged_logging.rb:69:in `tagged'
railties (5.0.1) lib/rails/rack/logger.rb:24:in `call'
sprockets-rails (3.2.0) lib/sprockets/rails/quiet_assets.rb:13:in `call'
actionpack (5.0.1) lib/action_dispatch/middleware/request_id.rb:24:in `call'
rack (2.0.1) lib/rack/method_override.rb:22:in `call'
rack (2.0.1) lib/rack/runtime.rb:22:in `call'
activesupport (5.0.1) lib/active_support/cache/strategy/local_cache_middleware.rb:28:in `call'
actionpack (5.0.1) lib/action_dispatch/middleware/executor.rb:12:in `call'
actionpack (5.0.1) lib/action_dispatch/middleware/static.rb:136:in `call'
rack (2.0.1) lib/rack/sendfile.rb:111:in `call'
railties (5.0.1) lib/rails/engine.rb:522:in `call'
puma (3.6.2) lib/puma/configuration.rb:225:in `call'
puma (3.6.2) lib/puma/server.rb:578:in `handle_request'
puma (3.6.2) lib/puma/server.rb:415:in `process_client'
puma (3.6.2) lib/puma/server.rb:275:in `block in run'
puma (3.6.2) lib/puma/thread_pool.rb:116:in `block in spawn_thread'
  Rendering c:/RailsInstaller/Ruby2.3.0/lib/ruby/gems/2.3.0/gems/actionpack-5.0.1/lib/action_dispatch/middleware/templates/rescues/routing_error.html.erb within rescues/layout
  Rendering c:/RailsInstaller/Ruby2.3.0/lib/ruby/gems/2.3.0/gems/actionpack-5.0.1/lib/action_dispatch/middleware/templates/rescues/_trace.html.erb
  Rendered c:/RailsInstaller/Ruby2.3.0/lib/ruby/gems/2.3.0/gems/actionpack-5.0.1/lib/action_dispatch/middleware/templates/rescues/_trace.html.erb (0.0ms)
  Rendered collection of c:/RailsInstaller/Ruby2.3.0/lib/ruby/gems/2.3.0/gems/actionpack-5.0.1/lib/action_dispatch/middleware/templates/routes/_route.html.erb [9 times] (15.6ms)
  Rendered c:/RailsInstaller/Ruby2.3.0/lib/ruby/gems/2.3.0/gems/actionpack-5.0.1/lib/action_dispatch/middleware/templates/routes/_table.html.erb (4.0ms)
  Rendering c:/RailsInstaller/Ruby2.3.0/lib/ruby/gems/2.3.0/gems/actionpack-5.0.1/lib/action_dispatch/middleware/templates/rescues/_request_and_response.html.erb
  Rendered c:/RailsInstaller/Ruby2.3.0/lib/ruby/gems/2.3.0/gems/actionpack-5.0.1/lib/action_dispatch/middleware/templates/rescues/_request_and_response.html.erb (0.0ms)
  Rendered c:/RailsInstaller/Ruby2.3.0/lib/ruby/gems/2.3.0/gems/actionpack-5.0.1/lib/action_dispatch/middleware/templates/rescues/routing_error.html.erb within rescues/layout (2683.4ms)
Started GET "/" for ::1 at 2017-02-08 23:01:20 +0800
Processing by JobsController#index as HTML
  Rendering jobs/index.html.erb within layouts/application
  [1m[36mJob Load (0.0ms)[0m  [1m[34mSELECT  "jobs".* FROM "jobs" LIMIT ? OFFSET ?[0m  [["LIMIT", 9], ["OFFSET", 0]]
  [1m[35m (0.0ms)[0m  [1m[34mSELECT COUNT(*) FROM "jobs"[0m
  Rendered jobs/index.html.erb within layouts/application (92.0ms)
Completed 200 OK in 8576ms (Views: 8545.3ms | ActiveRecord: 0.0ms)


Started GET "/images/pin.png" for ::1 at 2017-02-08 23:01:29 +0800
  
ActionController::RoutingError (No route matches [GET] "/images/pin.png"):
  
actionpack (5.0.1) lib/action_dispatch/middleware/debug_exceptions.rb:53:in `call'
web-console (3.4.0) lib/web_console/middleware.rb:135:in `call_app'
web-console (3.4.0) lib/web_console/middleware.rb:28:in `block in call'
web-console (3.4.0) lib/web_console/middleware.rb:18:in `catch'
web-console (3.4.0) lib/web_console/middleware.rb:18:in `call'
actionpack (5.0.1) lib/action_dispatch/middleware/show_exceptions.rb:31:in `call'
railties (5.0.1) lib/rails/rack/logger.rb:36:in `call_app'
railties (5.0.1) lib/rails/rack/logger.rb:24:in `block in call'
activesupport (5.0.1) lib/active_support/tagged_logging.rb:69:in `block in tagged'
activesupport (5.0.1) lib/active_support/tagged_logging.rb:26:in `tagged'
activesupport (5.0.1) lib/active_support/tagged_logging.rb:69:in `tagged'
railties (5.0.1) lib/rails/rack/logger.rb:24:in `call'
sprockets-rails (3.2.0) lib/sprockets/rails/quiet_assets.rb:13:in `call'
actionpack (5.0.1) lib/action_dispatch/middleware/request_id.rb:24:in `call'
rack (2.0.1) lib/rack/method_override.rb:22:in `call'
rack (2.0.1) lib/rack/runtime.rb:22:in `call'
activesupport (5.0.1) lib/active_support/cache/strategy/local_cache_middleware.rb:28:in `call'
actionpack (5.0.1) lib/action_dispatch/middleware/executor.rb:12:in `call'
actionpack (5.0.1) lib/action_dispatch/middleware/static.rb:136:in `call'
rack (2.0.1) lib/rack/sendfile.rb:111:in `call'
railties (5.0.1) lib/rails/engine.rb:522:in `call'
puma (3.6.2) lib/puma/configuration.rb:225:in `call'
puma (3.6.2) lib/puma/server.rb:578:in `handle_request'
puma (3.6.2) lib/puma/server.rb:415:in `process_client'
puma (3.6.2) lib/puma/server.rb:275:in `block in run'
puma (3.6.2) lib/puma/thread_pool.rb:116:in `block in spawn_thread'
  Rendering c:/RailsInstaller/Ruby2.3.0/lib/ruby/gems/2.3.0/gems/actionpack-5.0.1/lib/action_dispatch/middleware/templates/rescues/routing_error.html.erb within rescues/layout
  Rendering c:/RailsInstaller/Ruby2.3.0/lib/ruby/gems/2.3.0/gems/actionpack-5.0.1/lib/action_dispatch/middleware/templates/rescues/_trace.html.erb
  Rendered c:/RailsInstaller/Ruby2.3.0/lib/ruby/gems/2.3.0/gems/actionpack-5.0.1/lib/action_dispatch/middleware/templates/rescues/_trace.html.erb (4.0ms)
  Rendered collection of c:/RailsInstaller/Ruby2.3.0/lib/ruby/gems/2.3.0/gems/actionpack-5.0.1/lib/action_dispatch/middleware/templates/routes/_route.html.erb [9 times] (4.0ms)
  Rendered c:/RailsInstaller/Ruby2.3.0/lib/ruby/gems/2.3.0/gems/actionpack-5.0.1/lib/action_dispatch/middleware/templates/routes/_table.html.erb (4.0ms)
  Rendering c:/RailsInstaller/Ruby2.3.0/lib/ruby/gems/2.3.0/gems/actionpack-5.0.1/lib/action_dispatch/middleware/templates/rescues/_request_and_response.html.erb
  Rendered c:/RailsInstaller/Ruby2.3.0/lib/ruby/gems/2.3.0/gems/actionpack-5.0.1/lib/action_dispatch/middleware/templates/rescues/_request_and_response.html.erb (4.0ms)
  Rendered c:/RailsInstaller/Ruby2.3.0/lib/ruby/gems/2.3.0/gems/actionpack-5.0.1/lib/action_dispatch/middleware/templates/rescues/routing_error.html.erb within rescues/layout (2884.1ms)
Started GET "/" for ::1 at 2017-02-08 23:02:22 +0800
Processing by JobsController#index as HTML
  Rendering jobs/index.html.erb within layouts/application
  [1m[36mJob Load (0.0ms)[0m  [1m[34mSELECT  "jobs".* FROM "jobs" LIMIT ? OFFSET ?[0m  [["LIMIT", 9], ["OFFSET", 0]]
  [1m[35m (0.0ms)[0m  [1m[34mSELECT COUNT(*) FROM "jobs"[0m
  Rendered jobs/index.html.erb within layouts/application (88.0ms)
Completed 200 OK in 8601ms (Views: 8574.7ms | ActiveRecord: 0.0ms)


Started GET "/images/pin.png" for ::1 at 2017-02-08 23:02:30 +0800
  
ActionController::RoutingError (No route matches [GET] "/images/pin.png"):
  
actionpack (5.0.1) lib/action_dispatch/middleware/debug_exceptions.rb:53:in `call'
web-console (3.4.0) lib/web_console/middleware.rb:135:in `call_app'
web-console (3.4.0) lib/web_console/middleware.rb:28:in `block in call'
web-console (3.4.0) lib/web_console/middleware.rb:18:in `catch'
web-console (3.4.0) lib/web_console/middleware.rb:18:in `call'
actionpack (5.0.1) lib/action_dispatch/middleware/show_exceptions.rb:31:in `call'
railties (5.0.1) lib/rails/rack/logger.rb:36:in `call_app'
railties (5.0.1) lib/rails/rack/logger.rb:24:in `block in call'
activesupport (5.0.1) lib/active_support/tagged_logging.rb:69:in `block in tagged'
activesupport (5.0.1) lib/active_support/tagged_logging.rb:26:in `tagged'
activesupport (5.0.1) lib/active_support/tagged_logging.rb:69:in `tagged'
railties (5.0.1) lib/rails/rack/logger.rb:24:in `call'
sprockets-rails (3.2.0) lib/sprockets/rails/quiet_assets.rb:13:in `call'
actionpack (5.0.1) lib/action_dispatch/middleware/request_id.rb:24:in `call'
rack (2.0.1) lib/rack/method_override.rb:22:in `call'
rack (2.0.1) lib/rack/runtime.rb:22:in `call'
activesupport (5.0.1) lib/active_support/cache/strategy/local_cache_middleware.rb:28:in `call'
actionpack (5.0.1) lib/action_dispatch/middleware/executor.rb:12:in `call'
actionpack (5.0.1) lib/action_dispatch/middleware/static.rb:136:in `call'
rack (2.0.1) lib/rack/sendfile.rb:111:in `call'
railties (5.0.1) lib/rails/engine.rb:522:in `call'
puma (3.6.2) lib/puma/configuration.rb:225:in `call'
puma (3.6.2) lib/puma/server.rb:578:in `handle_request'
puma (3.6.2) lib/puma/server.rb:415:in `process_client'
puma (3.6.2) lib/puma/server.rb:275:in `block in run'
puma (3.6.2) lib/puma/thread_pool.rb:116:in `block in spawn_thread'
  Rendering c:/RailsInstaller/Ruby2.3.0/lib/ruby/gems/2.3.0/gems/actionpack-5.0.1/lib/action_dispatch/middleware/templates/rescues/routing_error.html.erb within rescues/layout
  Rendering c:/RailsInstaller/Ruby2.3.0/lib/ruby/gems/2.3.0/gems/actionpack-5.0.1/lib/action_dispatch/middleware/templates/rescues/_trace.html.erb
  Rendered c:/RailsInstaller/Ruby2.3.0/lib/ruby/gems/2.3.0/gems/actionpack-5.0.1/lib/action_dispatch/middleware/templates/rescues/_trace.html.erb (0.0ms)
  Rendered collection of c:/RailsInstaller/Ruby2.3.0/lib/ruby/gems/2.3.0/gems/actionpack-5.0.1/lib/action_dispatch/middleware/templates/routes/_route.html.erb [9 times] (4.0ms)
  Rendered c:/RailsInstaller/Ruby2.3.0/lib/ruby/gems/2.3.0/gems/actionpack-5.0.1/lib/action_dispatch/middleware/templates/routes/_table.html.erb (0.0ms)
  Rendering c:/RailsInstaller/Ruby2.3.0/lib/ruby/gems/2.3.0/gems/actionpack-5.0.1/lib/action_dispatch/middleware/templates/rescues/_request_and_response.html.erb
  Rendered c:/RailsInstaller/Ruby2.3.0/lib/ruby/gems/2.3.0/gems/actionpack-5.0.1/lib/action_dispatch/middleware/templates/rescues/_request_and_response.html.erb (4.0ms)
  Rendered c:/RailsInstaller/Ruby2.3.0/lib/ruby/gems/2.3.0/gems/actionpack-5.0.1/lib/action_dispatch/middleware/templates/rescues/routing_error.html.erb within rescues/layout (2756.1ms)
  [1m[36mActiveRecord::SchemaMigration Load (0.0ms)[0m  [1m[34mSELECT "schema_migrations".* FROM "schema_migrations"[0m
  [1m[35m (0.0ms)[0m  [1m[34mSELECT "ar_internal_metadata"."value" FROM "ar_internal_metadata" WHERE "ar_internal_metadata"."key" = ?[0m  [["key", :environment]]
  [1m[36mActiveRecord::SchemaMigration Load (0.0ms)[0m  [1m[34mSELECT "schema_migrations".* FROM "schema_migrations"[0m
  [1m[35m (0.0ms)[0m  [1m[34mSELECT "ar_internal_metadata"."value" FROM "ar_internal_metadata" WHERE "ar_internal_metadata"."key" = ?[0m  [["key", :environment]]
  [1m[36mActiveRecord::SchemaMigration Load (0.0ms)[0m  [1m[34mSELECT "schema_migrations".* FROM "schema_migrations"[0m
  [1m[35m (0.0ms)[0m  [1m[34mSELECT "ar_internal_metadata"."value" FROM "ar_internal_metadata" WHERE "ar_internal_metadata"."key" = ?[0m  [["key", :environment]]
  [1m[35m (31.3ms)[0m  [1m[35mDROP TABLE "jobs"[0m
  [1m[35m (0.0ms)[0m  [1m[35mCREATE TABLE "jobs" ("id" INTEGER PRIMARY KEY AUTOINCREMENT NOT NULL, "title" varchar, "company" varchar, "url" varchar, "created_at" datetime NOT NULL, "updated_at" datetime NOT NULL)[0m
  [1m[35m (0.0ms)[0m  [1m[34mSELECT version FROM "schema_migrations"[0m
  [1m[36mActiveRecord::InternalMetadata Load (0.0ms)[0m  [1m[34mSELECT  "ar_internal_metadata".* FROM "ar_internal_metadata" WHERE "ar_internal_metadata"."key" = ? LIMIT ?[0m  [["key", :environment], ["LIMIT", 1]]
  [1m[35m (0.0ms)[0m  [1m[36mbegin transaction[0m
  [1m[35m (0.0ms)[0m  [1m[36mcommit transaction[0m
  [1m[36mActiveRecord::InternalMetadata Load (0.0ms)[0m  [1m[34mSELECT  "ar_internal_metadata".* FROM "ar_internal_metadata" WHERE "ar_internal_metadata"."key" = ? LIMIT ?[0m  [["key", :environment], ["LIMIT", 1]]
  [1m[35m (0.0ms)[0m  [1m[36mbegin transaction[0m
  [1m[35m (0.0ms)[0m  [1m[36mcommit transaction[0m
  [1m[35m (0.0ms)[0m  [1m[35mCREATE TABLE "jobs" ("id" INTEGER PRIMARY KEY AUTOINCREMENT NOT NULL, "title" varchar, "company" varchar, "url" varchar, "created_at" datetime NOT NULL, "updated_at" datetime NOT NULL)[0m
  [1m[35m (0.0ms)[0m  [1m[35mCREATE TABLE "schema_migrations" ("version" varchar NOT NULL PRIMARY KEY)[0m
  [1m[35m (0.0ms)[0m  [1m[34mSELECT version FROM "schema_migrations"[0m
  [1m[35m (15.6ms)[0m  [1m[32mINSERT INTO "schema_migrations" (version) VALUES ('20170107113513')[0m
  [1m[35m (0.0ms)[0m  [1m[35mCREATE TABLE "ar_internal_metadata" ("key" varchar NOT NULL PRIMARY KEY, "value" varchar, "created_at" datetime NOT NULL, "updated_at" datetime NOT NULL)[0m
  [1m[36mActiveRecord::InternalMetadata Load (0.0ms)[0m  [1m[34mSELECT  "ar_internal_metadata".* FROM "ar_internal_metadata" WHERE "ar_internal_metadata"."key" = ? LIMIT ?[0m  [["key", :environment], ["LIMIT", 1]]
  [1m[35m (0.0ms)[0m  [1m[36mbegin transaction[0m
  [1m[35mSQL (0.0ms)[0m  [1m[32mINSERT INTO "ar_internal_metadata" ("key", "value", "created_at", "updated_at") VALUES (?, ?, ?, ?)[0m  [["key", "environment"], ["value", "development"], ["created_at", 2017-02-08 15:03:22 UTC], ["updated_at", 2017-02-08 15:03:22 UTC]]
  [1m[35m (15.6ms)[0m  [1m[36mcommit transaction[0m
  [1m[36mActiveRecord::InternalMetadata Load (0.0ms)[0m  [1m[34mSELECT  "ar_internal_metadata".* FROM "ar_internal_metadata" WHERE "ar_internal_metadata"."key" = ? LIMIT ?[0m  [["key", :environment], ["LIMIT", 1]]
  [1m[35m (0.0ms)[0m  [1m[36mbegin transaction[0m
  [1m[35m (0.0ms)[0m  [1m[36mcommit transaction[0m
Started GET "/" for ::1 at 2017-02-08 23:04:51 +0800
  [1m[36mActiveRecord::SchemaMigration Load (0.0ms)[0m  [1m[34mSELECT "schema_migrations".* FROM "schema_migrations"[0m
Processing by JobsController#index as HTML
  Rendering jobs/index.html.erb within layouts/application
  [1m[36mJob Load (0.0ms)[0m  [1m[34mSELECT  "jobs".* FROM "jobs" LIMIT ? OFFSET ?[0m  [["LIMIT", 9], ["OFFSET", 0]]
  [1m[35m (0.0ms)[0m  [1m[34mSELECT COUNT(*) FROM "jobs"[0m
  Rendered jobs/index.html.erb within layouts/application (108.0ms)
Completed 200 OK in 10283ms (Views: 10227.1ms | ActiveRecord: 0.0ms)


Started GET "/" for ::1 at 2017-02-08 23:06:53 +0800
Processing by JobsController#index as HTML
  Rendering jobs/index.html.erb within layouts/application
  [1m[36mJob Load (0.0ms)[0m  [1m[34mSELECT  "jobs".* FROM "jobs" LIMIT ? OFFSET ?[0m  [["LIMIT", 9], ["OFFSET", 0]]
  [1m[35m (0.0ms)[0m  [1m[34mSELECT COUNT(*) FROM "jobs"[0m
  Rendered jobs/index.html.erb within layouts/application (80.0ms)
Completed 200 OK in 8548ms (Views: 8519.7ms | ActiveRecord: 0.0ms)


Started GET "/" for ::1 at 2017-02-08 23:07:16 +0800
Processing by JobsController#index as HTML
  Rendering jobs/index.html.erb within layouts/application
  [1m[36mJob Load (0.0ms)[0m  [1m[34mSELECT  "jobs".* FROM "jobs" LIMIT ? OFFSET ?[0m  [["LIMIT", 9], ["OFFSET", 0]]
  [1m[35m (0.0ms)[0m  [1m[34mSELECT COUNT(*) FROM "jobs"[0m
  Rendered jobs/index.html.erb within layouts/application (76.0ms)
Completed 200 OK in 8801ms (Views: 8770.9ms | ActiveRecord: 0.0ms)


Started GET "/" for ::1 at 2017-02-08 23:07:45 +0800
Processing by JobsController#index as HTML
  Rendering jobs/index.html.erb within layouts/application
  [1m[36mJob Load (0.0ms)[0m  [1m[34mSELECT  "jobs".* FROM "jobs" LIMIT ? OFFSET ?[0m  [["LIMIT", 9], ["OFFSET", 0]]
  [1m[35m (0.0ms)[0m  [1m[34mSELECT COUNT(*) FROM "jobs"[0m
  Rendered jobs/index.html.erb within layouts/application (84.0ms)
Completed 200 OK in 8798ms (Views: 8763.5ms | ActiveRecord: 0.0ms)


Started GET "/jobs/new" for ::1 at 2017-02-08 23:08:06 +0800
Processing by JobsController#new as HTML
  Rendering jobs/new.html.erb within layouts/application
  Rendered jobs/new.html.erb within layouts/application (187.5ms)
Completed 200 OK in 463ms (Views: 429.3ms | ActiveRecord: 0.0ms)


Started GET "/" for ::1 at 2017-02-08 23:11:20 +0800
Processing by JobsController#index as HTML
  Rendering jobs/index.html.erb within layouts/application
  [1m[36mJob Load (0.0ms)[0m  [1m[34mSELECT  "jobs".* FROM "jobs" LIMIT ? OFFSET ?[0m  [["LIMIT", 9], ["OFFSET", 0]]
  [1m[35m (0.0ms)[0m  [1m[34mSELECT COUNT(*) FROM "jobs"[0m
  Rendered jobs/index.html.erb within layouts/application (76.0ms)
Completed 200 OK in 8546ms (Views: 8513.0ms | ActiveRecord: 0.0ms)


Started GET "/" for ::1 at 2017-02-08 23:12:27 +0800
Processing by JobsController#index as HTML
  Rendering jobs/index.html.erb within layouts/application
  [1m[36mJob Load (0.0ms)[0m  [1m[34mSELECT  "jobs".* FROM "jobs" LIMIT ? OFFSET ?[0m  [["LIMIT", 9], ["OFFSET", 0]]
  [1m[35m (0.0ms)[0m  [1m[34mSELECT COUNT(*) FROM "jobs"[0m
  Rendered jobs/index.html.erb within layouts/application (84.0ms)
Completed 200 OK in 400ms (Views: 372.3ms | ActiveRecord: 0.0ms)


Started GET "/" for ::1 at 2017-02-08 23:13:33 +0800
Processing by JobsController#index as HTML
  Rendering jobs/index.html.erb within layouts/application
  [1m[36mJob Load (0.0ms)[0m  [1m[34mSELECT  "jobs".* FROM "jobs" LIMIT ? OFFSET ?[0m  [["LIMIT", 9], ["OFFSET", 0]]
  [1m[35m (0.0ms)[0m  [1m[34mSELECT COUNT(*) FROM "jobs"[0m
  Rendered jobs/index.html.erb within layouts/application (76.0ms)
Completed 200 OK in 9314ms (Views: 9287.6ms | ActiveRecord: 0.0ms)


Started GET "/" for ::1 at 2017-02-08 23:16:28 +0800
Processing by JobsController#index as HTML
  Rendering jobs/index.html.erb within layouts/application
  [1m[36mJob Load (0.0ms)[0m  [1m[34mSELECT  "jobs".* FROM "jobs" LIMIT ? OFFSET ?[0m  [["LIMIT", 9], ["OFFSET", 0]]
  [1m[35m (4.0ms)[0m  [1m[34mSELECT COUNT(*) FROM "jobs"[0m
  Rendered jobs/index.html.erb within layouts/application (80.0ms)
Completed 200 OK in 368ms (Views: 338.3ms | ActiveRecord: 4.0ms)


Started GET "/jobs/new" for ::1 at 2017-02-08 23:16:32 +0800
Processing by JobsController#new as HTML
  Rendering jobs/new.html.erb within layouts/application
  Rendered jobs/new.html.erb within layouts/application (15.6ms)
Completed 200 OK in 274ms (Views: 261.8ms | ActiveRecord: 0.0ms)


Started POST "/jobs" for ::1 at 2017-02-08 23:16:59 +0800
Processing by JobsController#create as HTML
  Parameters: {"utf8"=>"✓", "authenticity_token"=>"bwirHE9bjjkYOQcJl02pUcNf+pxJWKBo6cpSHyyHPr/jl0/lbe2JNYQk7P6BjGUAKrbaAY6XZVLj32qwRj2bsQ==", "job"=>{"title"=>"Title 1", "company"=>"companyName", "url"=>"http://www.link.com"}, "commit"=>"Create Job"}
  [1m[35m (0.0ms)[0m  [1m[36mbegin transaction[0m
  [1m[36mJob Exists (0.0ms)[0m  [1m[34mSELECT  1 AS one FROM "jobs" WHERE "jobs"."url" = ? LIMIT ?[0m  [["url", "http://www.link.com"], ["LIMIT", 1]]
  [1m[35mSQL (4.0ms)[0m  [1m[32mINSERT INTO "jobs" ("title", "company", "url", "created_at", "updated_at") VALUES (?, ?, ?, ?, ?)[0m  [["title", "Title 1"], ["company", "companyName"], ["url", "http://www.link.com"], ["created_at", 2017-02-08 15:16:59 UTC], ["updated_at", 2017-02-08 15:16:59 UTC]]
  [1m[35m (4.0ms)[0m  [1m[36mcommit transaction[0m
Redirected to http://localhost:3000/
Completed 302 Found in 48ms (ActiveRecord: 8.0ms)


Started GET "/" for ::1 at 2017-02-08 23:16:59 +0800
Processing by JobsController#index as HTML
  Rendering jobs/index.html.erb within layouts/application
  [1m[36mJob Load (0.0ms)[0m  [1m[34mSELECT  "jobs".* FROM "jobs" LIMIT ? OFFSET ?[0m  [["LIMIT", 9], ["OFFSET", 0]]
  [1m[35m (0.0ms)[0m  [1m[34mSELECT COUNT(*) FROM "jobs"[0m
  Rendered jobs/index.html.erb within layouts/application (72.0ms)
Completed 200 OK in 372ms (Views: 344.9ms | ActiveRecord: 0.0ms)


Started GET "/" for ::1 at 2017-02-08 23:17:32 +0800
Processing by JobsController#index as HTML
  Rendering jobs/index.html.erb within layouts/application
  [1m[36mJob Load (0.0ms)[0m  [1m[34mSELECT  "jobs".* FROM "jobs" LIMIT ? OFFSET ?[0m  [["LIMIT", 9], ["OFFSET", 0]]
  [1m[35m (0.0ms)[0m  [1m[34mSELECT COUNT(*) FROM "jobs"[0m
  Rendered jobs/index.html.erb within layouts/application (76.0ms)
Completed 200 OK in 368ms (Views: 343.0ms | ActiveRecord: 0.0ms)


Started GET "/" for ::1 at 2017-02-08 23:19:23 +0800
Processing by JobsController#index as HTML
  Rendering jobs/index.html.erb within layouts/application
  [1m[36mJob Load (0.0ms)[0m  [1m[34mSELECT  "jobs".* FROM "jobs" LIMIT ? OFFSET ?[0m  [["LIMIT", 9], ["OFFSET", 0]]
  [1m[35m (0.0ms)[0m  [1m[34mSELECT COUNT(*) FROM "jobs"[0m
  Rendered jobs/index.html.erb within layouts/application (80.0ms)
Completed 200 OK in 388ms (Views: 361.5ms | ActiveRecord: 0.0ms)


Started GET "/" for ::1 at 2017-02-08 23:23:02 +0800
Processing by JobsController#index as HTML
  Rendering jobs/index.html.erb within layouts/application
  [1m[36mJob Load (0.0ms)[0m  [1m[34mSELECT  "jobs".* FROM "jobs" LIMIT ? OFFSET ?[0m  [["LIMIT", 9], ["OFFSET", 0]]
  [1m[35m (0.0ms)[0m  [1m[34mSELECT COUNT(*) FROM "jobs"[0m
  Rendered jobs/index.html.erb within layouts/application (80.0ms)
Completed 200 OK in 8738ms (Views: 8709.6ms | ActiveRecord: 0.0ms)


Started GET "/" for ::1 at 2017-02-08 23:23:24 +0800
Processing by JobsController#index as HTML
  Rendering jobs/index.html.erb within layouts/application
  [1m[36mJob Load (0.0ms)[0m  [1m[34mSELECT  "jobs".* FROM "jobs" LIMIT ? OFFSET ?[0m  [["LIMIT", 9], ["OFFSET", 0]]
  [1m[35m (0.0ms)[0m  [1m[34mSELECT COUNT(*) FROM "jobs"[0m
  Rendered jobs/index.html.erb within layouts/application (80.0ms)
Completed 200 OK in 8488ms (Views: 8460.0ms | ActiveRecord: 0.0ms)


Started GET "/" for ::1 at 2017-02-08 23:24:20 +0800
Processing by JobsController#index as HTML
  Rendering jobs/index.html.erb within layouts/application
  [1m[36mJob Load (0.0ms)[0m  [1m[34mSELECT  "jobs".* FROM "jobs" LIMIT ? OFFSET ?[0m  [["LIMIT", 9], ["OFFSET", 0]]
  [1m[35m (0.0ms)[0m  [1m[34mSELECT COUNT(*) FROM "jobs"[0m
  Rendered jobs/index.html.erb within layouts/application (80.0ms)
Completed 200 OK in 8786ms (Views: 8759.2ms | ActiveRecord: 0.0ms)


Started GET "/" for ::1 at 2017-02-08 23:26:40 +0800
Processing by JobsController#index as HTML
  Rendering jobs/index.html.erb within layouts/application
  [1m[36mJob Load (0.0ms)[0m  [1m[34mSELECT  "jobs".* FROM "jobs" LIMIT ? OFFSET ?[0m  [["LIMIT", 9], ["OFFSET", 0]]
  [1m[35m (0.0ms)[0m  [1m[34mSELECT COUNT(*) FROM "jobs"[0m
  Rendered jobs/index.html.erb within layouts/application (76.0ms)
Completed 200 OK in 9862ms (Views: 9837.2ms | ActiveRecord: 0.0ms)


Started GET "/" for ::1 at 2017-02-08 23:27:43 +0800
Processing by JobsController#index as HTML
  Rendering jobs/index.html.erb within layouts/application
  [1m[36mJob Load (0.0ms)[0m  [1m[34mSELECT  "jobs".* FROM "jobs" LIMIT ? OFFSET ?[0m  [["LIMIT", 9], ["OFFSET", 0]]
  [1m[35m (4.0ms)[0m  [1m[34mSELECT COUNT(*) FROM "jobs"[0m
  Rendered jobs/index.html.erb within layouts/application (76.0ms)
Completed 200 OK in 9211ms (Views: 9177.0ms | ActiveRecord: 4.0ms)


Started GET "/" for ::1 at 2017-02-08 23:30:28 +0800
Processing by JobsController#index as HTML
  Rendering jobs/index.html.erb within layouts/application
  [1m[36mJob Load (0.0ms)[0m  [1m[34mSELECT  "jobs".* FROM "jobs" LIMIT ? OFFSET ?[0m  [["LIMIT", 9], ["OFFSET", 0]]
  [1m[35m (0.0ms)[0m  [1m[34mSELECT COUNT(*) FROM "jobs"[0m
  Rendered jobs/index.html.erb within layouts/application (76.0ms)
Completed 200 OK in 8842ms (Views: 8816.6ms | ActiveRecord: 0.0ms)


Started GET "/" for ::1 at 2017-02-08 23:33:54 +0800
Processing by JobsController#index as HTML
  Rendering jobs/index.html.erb within layouts/application
  [1m[36mJob Load (0.0ms)[0m  [1m[34mSELECT  "jobs".* FROM "jobs" LIMIT ? OFFSET ?[0m  [["LIMIT", 9], ["OFFSET", 0]]
  [1m[35m (0.0ms)[0m  [1m[34mSELECT COUNT(*) FROM "jobs"[0m
  Rendered jobs/index.html.erb within layouts/application (76.0ms)
Completed 200 OK in 8626ms (Views: 8597.9ms | ActiveRecord: 0.0ms)


Started GET "/" for ::1 at 2017-02-08 23:35:04 +0800
Processing by JobsController#index as HTML
  Rendering jobs/index.html.erb within layouts/application
  Rendered jobs/index.html.erb within layouts/application (16.0ms)
Completed 500 Internal Server Error in 164ms (ActiveRecord: 0.0ms)


  
SyntaxError (c:/ror/jobsBoard_/app/views/jobs/index.html.erb:16: syntax error, unexpected '='
...ppend=( link_to job.url, class="link");@output_buffer.safe_a...
...                               ^):
  
app/views/jobs/index.html.erb:16: syntax error, unexpected '='
  Rendering c:/RailsInstaller/Ruby2.3.0/lib/ruby/gems/2.3.0/gems/actionpack-5.0.1/lib/action_dispatch/middleware/templates/rescues/diagnostics.html.erb within rescues/layout
  Rendering c:/RailsInstaller/Ruby2.3.0/lib/ruby/gems/2.3.0/gems/actionpack-5.0.1/lib/action_dispatch/middleware/templates/rescues/_source.html.erb
  Rendered c:/RailsInstaller/Ruby2.3.0/lib/ruby/gems/2.3.0/gems/actionpack-5.0.1/lib/action_dispatch/middleware/templates/rescues/_source.html.erb (12.0ms)
  Rendering c:/RailsInstaller/Ruby2.3.0/lib/ruby/gems/2.3.0/gems/actionpack-5.0.1/lib/action_dispatch/middleware/templates/rescues/_trace.html.erb
  Rendered c:/RailsInstaller/Ruby2.3.0/lib/ruby/gems/2.3.0/gems/actionpack-5.0.1/lib/action_dispatch/middleware/templates/rescues/_trace.html.erb (16.0ms)
  Rendering c:/RailsInstaller/Ruby2.3.0/lib/ruby/gems/2.3.0/gems/actionpack-5.0.1/lib/action_dispatch/middleware/templates/rescues/_request_and_response.html.erb
  Rendered c:/RailsInstaller/Ruby2.3.0/lib/ruby/gems/2.3.0/gems/actionpack-5.0.1/lib/action_dispatch/middleware/templates/rescues/_request_and_response.html.erb (0.0ms)
  Rendered c:/RailsInstaller/Ruby2.3.0/lib/ruby/gems/2.3.0/gems/actionpack-5.0.1/lib/action_dispatch/middleware/templates/rescues/diagnostics.html.erb within rescues/layout (2436.1ms)
Started GET "/" for ::1 at 2017-02-08 23:35:50 +0800
Processing by JobsController#index as HTML
  Rendering jobs/index.html.erb within layouts/application
  [1m[36mJob Load (0.0ms)[0m  [1m[34mSELECT  "jobs".* FROM "jobs" LIMIT ? OFFSET ?[0m  [["LIMIT", 9], ["OFFSET", 0]]
  [1m[35m (0.0ms)[0m  [1m[34mSELECT COUNT(*) FROM "jobs"[0m
  Rendered jobs/index.html.erb within layouts/application (76.0ms)
Completed 200 OK in 356ms (Views: 328.2ms | ActiveRecord: 0.0ms)


Started GET "/" for ::1 at 2017-02-08 23:37:52 +0800
Processing by JobsController#index as HTML
  Rendering jobs/index.html.erb within layouts/application
  [1m[36mJob Load (0.0ms)[0m  [1m[34mSELECT  "jobs".* FROM "jobs" LIMIT ? OFFSET ?[0m  [["LIMIT", 9], ["OFFSET", 0]]
  [1m[35m (0.0ms)[0m  [1m[34mSELECT COUNT(*) FROM "jobs"[0m
  Rendered jobs/index.html.erb within layouts/application (76.0ms)
Completed 200 OK in 348ms (Views: 322.0ms | ActiveRecord: 0.0ms)


Started GET "/" for ::1 at 2017-02-08 23:37:55 +0800
Processing by JobsController#index as HTML
  Rendering jobs/index.html.erb within layouts/application
  [1m[36mJob Load (0.0ms)[0m  [1m[34mSELECT  "jobs".* FROM "jobs" LIMIT ? OFFSET ?[0m  [["LIMIT", 9], ["OFFSET", 0]]
  [1m[35m (4.0ms)[0m  [1m[34mSELECT COUNT(*) FROM "jobs"[0m
  Rendered jobs/index.html.erb within layouts/application (80.0ms)
Completed 200 OK in 372ms (Views: 337.4ms | ActiveRecord: 4.0ms)


Started GET "/" for ::1 at 2017-02-08 23:38:43 +0800
Processing by JobsController#index as HTML
  Rendering jobs/index.html.erb within layouts/application
  [1m[36mJob Load (0.0ms)[0m  [1m[34mSELECT  "jobs".* FROM "jobs" LIMIT ? OFFSET ?[0m  [["LIMIT", 9], ["OFFSET", 0]]
  [1m[35m (0.0ms)[0m  [1m[34mSELECT COUNT(*) FROM "jobs"[0m
  Rendered jobs/index.html.erb within layouts/application (76.0ms)
Completed 200 OK in 8914ms (Views: 8888.7ms | ActiveRecord: 0.0ms)


Started GET "/" for ::1 at 2017-02-08 23:40:53 +0800
Processing by JobsController#index as HTML
  Rendering jobs/index.html.erb within layouts/application
  [1m[36mJob Load (0.0ms)[0m  [1m[34mSELECT  "jobs".* FROM "jobs" LIMIT ? OFFSET ?[0m  [["LIMIT", 9], ["OFFSET", 0]]
  [1m[35m (0.0ms)[0m  [1m[34mSELECT COUNT(*) FROM "jobs"[0m
  Rendered jobs/index.html.erb within layouts/application (76.0ms)
Completed 200 OK in 8319ms (Views: 8292.7ms | ActiveRecord: 0.0ms)


Started GET "/" for ::1 at 2017-02-08 23:42:54 +0800
Processing by JobsController#index as HTML
  Rendering jobs/index.html.erb within layouts/application
  [1m[36mJob Load (0.0ms)[0m  [1m[34mSELECT  "jobs".* FROM "jobs" LIMIT ? OFFSET ?[0m  [["LIMIT", 9], ["OFFSET", 0]]
  [1m[35m (0.0ms)[0m  [1m[34mSELECT COUNT(*) FROM "jobs"[0m
  Rendered jobs/index.html.erb within layouts/application (80.0ms)
Completed 200 OK in 9438ms (Views: 9412.9ms | ActiveRecord: 0.0ms)


Started GET "/" for ::1 at 2017-02-08 23:45:04 +0800
Processing by JobsController#index as HTML
  Rendering jobs/index.html.erb within layouts/application
  [1m[36mJob Load (4.0ms)[0m  [1m[34mSELECT  "jobs".* FROM "jobs" LIMIT ? OFFSET ?[0m  [["LIMIT", 9], ["OFFSET", 0]]
  [1m[35m (0.0ms)[0m  [1m[34mSELECT COUNT(*) FROM "jobs"[0m
  Rendered jobs/index.html.erb within layouts/application (76.0ms)
Completed 200 OK in 9023ms (Views: 8994.4ms | ActiveRecord: 4.0ms)


Started GET "/" for ::1 at 2017-02-08 23:45:40 +0800
Processing by JobsController#index as HTML
  Rendering jobs/index.html.erb within layouts/application
  [1m[36mJob Load (0.0ms)[0m  [1m[34mSELECT  "jobs".* FROM "jobs" LIMIT ? OFFSET ?[0m  [["LIMIT", 9], ["OFFSET", 0]]
  [1m[35m (0.0ms)[0m  [1m[34mSELECT COUNT(*) FROM "jobs"[0m
  Rendered jobs/index.html.erb within layouts/application (76.0ms)
Completed 200 OK in 8931ms (Views: 8898.5ms | ActiveRecord: 0.0ms)


Started GET "/" for ::1 at 2017-02-08 23:46:03 +0800
Processing by JobsController#index as HTML
  Rendering jobs/index.html.erb within layouts/application
  [1m[36mJob Load (0.0ms)[0m  [1m[34mSELECT  "jobs".* FROM "jobs" LIMIT ? OFFSET ?[0m  [["LIMIT", 9], ["OFFSET", 0]]
  [1m[35m (0.0ms)[0m  [1m[34mSELECT COUNT(*) FROM "jobs"[0m
  Rendered jobs/index.html.erb within layouts/application (72.0ms)
Completed 200 OK in 8764ms (Views: 8728.5ms | ActiveRecord: 0.0ms)


Started GET "/jobs/new" for ::1 at 2017-02-08 23:47:22 +0800
Processing by JobsController#new as HTML
  Rendering jobs/new.html.erb within layouts/application
  Rendered jobs/new.html.erb within layouts/application (15.6ms)
Completed 200 OK in 147ms (Views: 145.2ms | ActiveRecord: 0.0ms)


Started GET "/jobs/new" for ::1 at 2017-02-08 23:49:54 +0800
Processing by JobsController#new as HTML
  Rendering jobs/new.html.erb within layouts/application
  Rendered jobs/new.html.erb within layouts/application (7.0ms)
Completed 200 OK in 174ms (Views: 159.2ms | ActiveRecord: 0.0ms)


Started GET "/jobs/new" for ::1 at 2017-02-08 23:49:56 +0800
Processing by JobsController#new as HTML
  Rendering jobs/new.html.erb within layouts/application
  Rendered jobs/new.html.erb within layouts/application (8.0ms)
Completed 200 OK in 171ms (Views: 154.6ms | ActiveRecord: 0.0ms)


Started GET "/jobs/new" for ::1 at 2017-02-08 23:49:57 +0800
Processing by JobsController#new as HTML
  Rendering jobs/new.html.erb within layouts/application
  Rendered jobs/new.html.erb within layouts/application (6.0ms)
Completed 200 OK in 179ms (Views: 163.1ms | ActiveRecord: 0.0ms)


Started GET "/jobs/new" for ::1 at 2017-02-08 23:49:58 +0800
Processing by JobsController#new as HTML
  Rendering jobs/new.html.erb within layouts/application
  Rendered jobs/new.html.erb within layouts/application (7.0ms)
Completed 200 OK in 167ms (Views: 149.5ms | ActiveRecord: 0.0ms)


Started GET "/jobs/new" for ::1 at 2017-02-08 23:49:58 +0800
Processing by JobsController#new as HTML
  Rendering jobs/new.html.erb within layouts/application
  Rendered jobs/new.html.erb within layouts/application (9.0ms)
Completed 200 OK in 184ms (Views: 166.8ms | ActiveRecord: 0.0ms)


Started GET "/jobs/new" for ::1 at 2017-02-08 23:49:59 +0800
Processing by JobsController#new as HTML
  Rendering jobs/new.html.erb within layouts/application
  Rendered jobs/new.html.erb within layouts/application (6.0ms)
Completed 200 OK in 170ms (Views: 154.5ms | ActiveRecord: 0.0ms)


Started GET "/jobs/new" for ::1 at 2017-02-08 23:50:00 +0800
Processing by JobsController#new as HTML
  Rendering jobs/new.html.erb within layouts/application
  Rendered jobs/new.html.erb within layouts/application (5.0ms)
Completed 200 OK in 163ms (Views: 148.4ms | ActiveRecord: 0.0ms)


Started GET "/jobs/new" for ::1 at 2017-02-08 23:50:00 +0800
Processing by JobsController#new as HTML
  Rendering jobs/new.html.erb within layouts/application
  Rendered jobs/new.html.erb within layouts/application (6.0ms)
Completed 200 OK in 168ms (Views: 153.5ms | ActiveRecord: 0.0ms)


Started GET "/jobs/new" for ::1 at 2017-02-08 23:50:01 +0800
Processing by JobsController#new as HTML
  Rendering jobs/new.html.erb within layouts/application
  Rendered jobs/new.html.erb within layouts/application (7.0ms)
Completed 200 OK in 177ms (Views: 159.6ms | ActiveRecord: 0.0ms)


Started GET "/jobs/new" for ::1 at 2017-02-08 23:50:01 +0800
Processing by JobsController#new as HTML
  Rendering jobs/new.html.erb within layouts/application
  Rendered jobs/new.html.erb within layouts/application (6.0ms)
Completed 200 OK in 192ms (Views: 175.5ms | ActiveRecord: 0.0ms)


Started GET "/jobs/new" for ::1 at 2017-02-08 23:54:51 +0800
Processing by JobsController#new as HTML
  Rendering jobs/new.html.erb within layouts/application
  Rendered jobs/new.html.erb within layouts/application (6.0ms)
Completed 200 OK in 4594ms (Views: 4578.4ms | ActiveRecord: 0.0ms)


Started GET "/jobs/new" for ::1 at 2017-02-08 23:56:22 +0800
Processing by JobsController#new as HTML
  Rendering jobs/new.html.erb within layouts/application
  Rendered jobs/new.html.erb within layouts/application (7.0ms)
Completed 200 OK in 4741ms (Views: 4724.0ms | ActiveRecord: 0.0ms)


Started GET "/jobs/new" for ::1 at 2017-02-08 23:57:37 +0800
Processing by JobsController#new as HTML
  Rendering jobs/new.html.erb within layouts/application
  Rendered jobs/new.html.erb within layouts/application (8.0ms)
Completed 200 OK in 4656ms (Views: 4638.6ms | ActiveRecord: 0.0ms)


Started GET "/jobs/new" for ::1 at 2017-02-08 23:58:47 +0800
Processing by JobsController#new as HTML
  Rendering jobs/new.html.erb within layouts/application
  Rendered jobs/new.html.erb within layouts/application (6.0ms)
Completed 200 OK in 183ms (Views: 167.6ms | ActiveRecord: 0.0ms)


Started GET "/jobs/new" for ::1 at 2017-02-09 00:00:26 +0800
Processing by JobsController#new as HTML
  Rendering jobs/new.html.erb within layouts/application
  Rendered jobs/new.html.erb within layouts/application (8.0ms)
Completed 200 OK in 4585ms (Views: 4568.7ms | ActiveRecord: 0.0ms)


Started GET "/jobs/new" for ::1 at 2017-02-09 00:02:38 +0800
Processing by JobsController#new as HTML
  Rendering jobs/new.html.erb within layouts/application
  Rendered jobs/new.html.erb within layouts/application (7.0ms)
Completed 200 OK in 169ms (Views: 153.7ms | ActiveRecord: 0.0ms)


Started GET "/jobs/new" for ::1 at 2017-02-09 00:03:39 +0800
Processing by JobsController#new as HTML
  Rendering jobs/new.html.erb within layouts/application
  Rendered jobs/new.html.erb within layouts/application (7.0ms)
Completed 200 OK in 4571ms (Views: 4548.1ms | ActiveRecord: 0.0ms)


Started GET "/jobs/new" for ::1 at 2017-02-09 00:05:53 +0800
Processing by JobsController#new as HTML
  Rendering jobs/new.html.erb within layouts/application
  Rendered jobs/new.html.erb within layouts/application (8.0ms)
Completed 200 OK in 4649ms (Views: 4632.3ms | ActiveRecord: 0.0ms)


Started GET "/jobs/new" for ::1 at 2017-02-09 00:07:26 +0800
Processing by JobsController#new as HTML
  Rendering jobs/new.html.erb within layouts/application
  Rendered jobs/new.html.erb within layouts/application (6.0ms)
Completed 200 OK in 4685ms (Views: 4668.9ms | ActiveRecord: 0.0ms)


Started GET "/jobs/new" for ::1 at 2017-02-09 00:08:02 +0800
Processing by JobsController#new as HTML
  Rendering jobs/new.html.erb within layouts/application
  Rendered jobs/new.html.erb within layouts/application (8.0ms)
Completed 200 OK in 4614ms (Views: 4598.6ms | ActiveRecord: 0.0ms)


Started GET "/jobs/new" for ::1 at 2017-02-09 00:09:47 +0800
Processing by JobsController#new as HTML
  Rendering jobs/new.html.erb within layouts/application
  Rendered jobs/new.html.erb within layouts/application (7.0ms)
Completed 200 OK in 4673ms (Views: 4656.7ms | ActiveRecord: 0.0ms)


Started GET "/jobs/new" for ::1 at 2017-02-09 00:10:08 +0800
Processing by JobsController#new as HTML
  Rendering jobs/new.html.erb within layouts/application
  Rendered jobs/new.html.erb within layouts/application (8.0ms)
Completed 200 OK in 4548ms (Views: 4532.4ms | ActiveRecord: 0.0ms)


Started GET "/jobs/new" for ::1 at 2017-02-09 00:10:24 +0800
Processing by JobsController#new as HTML
  Rendering jobs/new.html.erb within layouts/application
  Rendered jobs/new.html.erb within layouts/application (7.0ms)
Completed 200 OK in 4575ms (Views: 4559.5ms | ActiveRecord: 0.0ms)


Started GET "/jobs/new" for ::1 at 2017-02-09 00:14:06 +0800
Processing by JobsController#new as HTML
  Rendering jobs/new.html.erb within layouts/application
  Rendered jobs/new.html.erb within layouts/application (6.0ms)
Completed 200 OK in 178ms (Views: 161.2ms | ActiveRecord: 0.0ms)


Started GET "/jobs/new" for ::1 at 2017-02-09 00:14:30 +0800
Processing by JobsController#new as HTML
  Rendering jobs/new.html.erb within layouts/application
  Rendered jobs/new.html.erb within layouts/application (7.0ms)
Completed 200 OK in 172ms (Views: 156.9ms | ActiveRecord: 0.0ms)


Started GET "/jobs/new" for ::1 at 2017-02-09 00:14:48 +0800
Processing by JobsController#new as HTML
  Rendering jobs/new.html.erb within layouts/application
  Rendered jobs/new.html.erb within layouts/application (6.0ms)
Completed 200 OK in 171ms (Views: 155.8ms | ActiveRecord: 0.0ms)


Started GET "/" for ::1 at 2017-02-09 00:14:51 +0800
Processing by JobsController#index as HTML
  Rendering jobs/index.html.erb within layouts/application
  [1m[36mJob Load (0.0ms)[0m  [1m[34mSELECT  "jobs".* FROM "jobs" LIMIT ? OFFSET ?[0m  [["LIMIT", 9], ["OFFSET", 0]]
  [1m[35m (0.0ms)[0m  [1m[34mSELECT COUNT(*) FROM "jobs"[0m
  Rendered jobs/index.html.erb within layouts/application (46.9ms)
Completed 200 OK in 182ms (Views: 179.1ms | ActiveRecord: 0.0ms)


Started GET "/jobs/new" for ::1 at 2017-02-09 00:15:52 +0800
Processing by JobsController#new as HTML
  Rendering jobs/new.html.erb within layouts/application
  Rendered jobs/new.html.erb within layouts/application (7.0ms)
Completed 200 OK in 166ms (Views: 151.0ms | ActiveRecord: 0.0ms)


Started GET "/jobs/new" for ::1 at 2017-02-09 00:15:54 +0800
Processing by JobsController#new as HTML
  Rendering jobs/new.html.erb within layouts/application
  Rendered jobs/new.html.erb within layouts/application (5.0ms)
Completed 200 OK in 166ms (Views: 150.6ms | ActiveRecord: 0.0ms)


Started GET "/" for ::1 at 2017-02-09 00:15:57 +0800
Processing by JobsController#index as HTML
  Rendering jobs/index.html.erb within layouts/application
  [1m[36mJob Load (0.0ms)[0m  [1m[34mSELECT  "jobs".* FROM "jobs" LIMIT ? OFFSET ?[0m  [["LIMIT", 9], ["OFFSET", 0]]
  [1m[35m (0.0ms)[0m  [1m[34mSELECT COUNT(*) FROM "jobs"[0m
  Rendered jobs/index.html.erb within layouts/application (46.9ms)
Completed 200 OK in 186ms (Views: 174.1ms | ActiveRecord: 0.0ms)


Started GET "/" for ::1 at 2017-02-09 00:18:05 +0800
Processing by JobsController#index as HTML
  Rendering jobs/index.html.erb within layouts/application
  [1m[36mJob Load (1.0ms)[0m  [1m[34mSELECT  "jobs".* FROM "jobs" LIMIT ? OFFSET ?[0m  [["LIMIT", 9], ["OFFSET", 0]]
  [1m[35m (0.0ms)[0m  [1m[34mSELECT COUNT(*) FROM "jobs"[0m
  Rendered jobs/index.html.erb within layouts/application (46.3ms)
Completed 200 OK in 212ms (Views: 194.1ms | ActiveRecord: 1.0ms)


Started GET "/" for ::1 at 2017-02-09 00:18:20 +0800
Processing by JobsController#index as HTML
  Rendering jobs/index.html.erb within layouts/application
  [1m[36mJob Load (0.0ms)[0m  [1m[34mSELECT  "jobs".* FROM "jobs" LIMIT ? OFFSET ?[0m  [["LIMIT", 9], ["OFFSET", 0]]
  [1m[35m (0.0ms)[0m  [1m[34mSELECT COUNT(*) FROM "jobs"[0m
  Rendered jobs/index.html.erb within layouts/application (46.2ms)
Completed 200 OK in 4647ms (Views: 4631.6ms | ActiveRecord: 0.0ms)


Started GET "/jobs/new" for ::1 at 2017-02-09 00:18:31 +0800
Processing by JobsController#new as HTML
  Rendering jobs/new.html.erb within layouts/application
  Rendered jobs/new.html.erb within layouts/application (15.6ms)
Completed 200 OK in 161ms (Views: 150.4ms | ActiveRecord: 0.0ms)


Started GET "/jobs/new" for ::1 at 2017-02-09 00:18:48 +0800
Processing by JobsController#new as HTML
  Rendering jobs/new.html.erb within layouts/application
  Rendered jobs/new.html.erb within layouts/application (7.0ms)
Started GET "/jobs/new" for ::1 at 2017-02-09 00:18:52 +0800
Processing by JobsController#new as HTML
  Rendering jobs/new.html.erb within layouts/application
  Rendered jobs/new.html.erb within layouts/application (6.0ms)
Completed 200 OK in 6371ms (Views: 6356.1ms | ActiveRecord: 0.0ms)


Started GET "/" for ::1 at 2017-02-09 00:18:57 +0800
Processing by JobsController#index as HTML
  Rendering jobs/index.html.erb within layouts/application
  [1m[36mJob Load (0.0ms)[0m  [1m[34mSELECT  "jobs".* FROM "jobs" LIMIT ? OFFSET ?[0m  [["LIMIT", 9], ["OFFSET", 0]]
  [1m[35m (1.0ms)[0m  [1m[34mSELECT COUNT(*) FROM "jobs"[0m
  Rendered jobs/index.html.erb within layouts/application (69.2ms)
Completed 200 OK in 437ms (Views: 411.6ms | ActiveRecord: 1.0ms)


Completed 200 OK in 6326ms (Views: 6310.5ms | ActiveRecord: 0.0ms)


Started GET "/" for ::1 at 2017-02-09 00:19:04 +0800
Processing by JobsController#index as HTML
  Rendering jobs/index.html.erb within layouts/application
  [1m[36mJob Load (0.0ms)[0m  [1m[34mSELECT  "jobs".* FROM "jobs" LIMIT ? OFFSET ?[0m  [["LIMIT", 9], ["OFFSET", 0]]
  [1m[35m (0.0ms)[0m  [1m[34mSELECT COUNT(*) FROM "jobs"[0m
  Rendered jobs/index.html.erb within layouts/application (31.3ms)
Completed 200 OK in 183ms (Views: 177.4ms | ActiveRecord: 0.0ms)


Started GET "/" for ::1 at 2017-02-09 00:19:50 +0800
Processing by JobsController#index as HTML
  Rendering jobs/index.html.erb within layouts/application
  [1m[36mJob Load (0.0ms)[0m  [1m[34mSELECT  "jobs".* FROM "jobs" LIMIT ? OFFSET ?[0m  [["LIMIT", 9], ["OFFSET", 0]]
  [1m[35m (1.0ms)[0m  [1m[34mSELECT COUNT(*) FROM "jobs"[0m
  Rendered jobs/index.html.erb within layouts/application (45.8ms)
Completed 200 OK in 4594ms (Views: 4577.0ms | ActiveRecord: 1.0ms)


Started GET "/jobs/new" for ::1 at 2017-02-09 00:19:59 +0800
Processing by JobsController#new as HTML
  Rendering jobs/new.html.erb within layouts/application
  Rendered jobs/new.html.erb within layouts/application (15.6ms)
Completed 200 OK in 144ms (Views: 137.8ms | ActiveRecord: 0.0ms)


Started GET "/" for ::1 at 2017-02-09 00:20:37 +0800
Processing by JobsController#index as HTML
  Rendering jobs/index.html.erb within layouts/application
  [1m[36mJob Load (1.0ms)[0m  [1m[34mSELECT  "jobs".* FROM "jobs" LIMIT ? OFFSET ?[0m  [["LIMIT", 9], ["OFFSET", 0]]
  [1m[35m (0.0ms)[0m  [1m[34mSELECT COUNT(*) FROM "jobs"[0m
  Rendered jobs/index.html.erb within layouts/application (46.4ms)
Completed 200 OK in 211ms (Views: 193.9ms | ActiveRecord: 1.0ms)


Started GET "/" for ::1 at 2017-02-09 00:20:39 +0800
Processing by JobsController#index as HTML
  Rendering jobs/index.html.erb within layouts/application
  [1m[36mJob Load (1.0ms)[0m  [1m[34mSELECT  "jobs".* FROM "jobs" LIMIT ? OFFSET ?[0m  [["LIMIT", 9], ["OFFSET", 0]]
  [1m[35m (0.0ms)[0m  [1m[34mSELECT COUNT(*) FROM "jobs"[0m
  Rendered jobs/index.html.erb within layouts/application (46.7ms)
Completed 200 OK in 222ms (Views: 204.8ms | ActiveRecord: 1.0ms)


Started GET "/jobs/new" for ::1 at 2017-02-09 00:20:41 +0800
Processing by JobsController#new as HTML
  Rendering jobs/new.html.erb within layouts/application
  Rendered jobs/new.html.erb within layouts/application (0.0ms)
Completed 200 OK in 148ms (Views: 142.3ms | ActiveRecord: 0.0ms)


Started GET "/" for ::1 at 2017-02-09 00:21:44 +0800
Processing by JobsController#index as HTML
  Rendering jobs/index.html.erb within layouts/application
  [1m[36mJob Load (0.0ms)[0m  [1m[34mSELECT  "jobs".* FROM "jobs" LIMIT ? OFFSET ?[0m  [["LIMIT", 9], ["OFFSET", 0]]
  [1m[35m (0.0ms)[0m  [1m[34mSELECT COUNT(*) FROM "jobs"[0m
  Rendered jobs/index.html.erb within layouts/application (46.9ms)
Completed 200 OK in 190ms (Views: 178.4ms | ActiveRecord: 0.0ms)


Started GET "/" for ::1 at 2017-02-09 00:22:24 +0800
Processing by JobsController#index as HTML
  Rendering jobs/index.html.erb within layouts/application
  [1m[36mJob Load (0.0ms)[0m  [1m[34mSELECT  "jobs".* FROM "jobs" LIMIT ? OFFSET ?[0m  [["LIMIT", 9], ["OFFSET", 0]]
  [1m[35m (0.0ms)[0m  [1m[34mSELECT COUNT(*) FROM "jobs"[0m
  Rendered jobs/index.html.erb within layouts/application (73.0ms)
Completed 200 OK in 315ms (Views: 298.5ms | ActiveRecord: 0.0ms)


Started GET "/" for ::1 at 2017-02-09 00:22:51 +0800
Processing by JobsController#index as HTML
  Rendering jobs/index.html.erb within layouts/application
  [1m[36mJob Load (0.0ms)[0m  [1m[34mSELECT  "jobs".* FROM "jobs" LIMIT ? OFFSET ?[0m  [["LIMIT", 9], ["OFFSET", 0]]
  [1m[35m (0.0ms)[0m  [1m[34mSELECT COUNT(*) FROM "jobs"[0m
  Rendered jobs/index.html.erb within layouts/application (47.0ms)
Completed 200 OK in 205ms (Views: 189.0ms | ActiveRecord: 0.0ms)


Started GET "/" for ::1 at 2017-02-09 00:22:53 +0800
Processing by JobsController#index as HTML
  Rendering jobs/index.html.erb within layouts/application
  [1m[36mJob Load (1.0ms)[0m  [1m[34mSELECT  "jobs".* FROM "jobs" LIMIT ? OFFSET ?[0m  [["LIMIT", 9], ["OFFSET", 0]]
  [1m[35m (0.0ms)[0m  [1m[34mSELECT COUNT(*) FROM "jobs"[0m
  Rendered jobs/index.html.erb within layouts/application (54.0ms)
Completed 200 OK in 243ms (Views: 226.3ms | ActiveRecord: 1.0ms)


Started GET "/" for ::1 at 2017-02-09 00:23:05 +0800
Processing by JobsController#index as HTML
  Rendering jobs/index.html.erb within layouts/application
  [1m[36mJob Load (1.0ms)[0m  [1m[34mSELECT  "jobs".* FROM "jobs" LIMIT ? OFFSET ?[0m  [["LIMIT", 9], ["OFFSET", 0]]
  [1m[35m (0.0ms)[0m  [1m[34mSELECT COUNT(*) FROM "jobs"[0m
  Rendered jobs/index.html.erb within layouts/application (44.0ms)
Completed 200 OK in 207ms (Views: 190.8ms | ActiveRecord: 1.0ms)


Started GET "/" for ::1 at 2017-02-09 00:24:31 +0800
Processing by JobsController#index as HTML
  Rendering jobs/index.html.erb within layouts/application
  [1m[36mJob Load (0.0ms)[0m  [1m[34mSELECT  "jobs".* FROM "jobs" LIMIT ? OFFSET ?[0m  [["LIMIT", 9], ["OFFSET", 0]]
  [1m[35m (1.0ms)[0m  [1m[34mSELECT COUNT(*) FROM "jobs"[0m
  Rendered jobs/index.html.erb within layouts/application (45.7ms)
Completed 200 OK in 4644ms (Views: 4627.9ms | ActiveRecord: 1.0ms)


Started GET "/" for ::1 at 2017-02-09 00:24:55 +0800
Processing by JobsController#index as HTML
  Rendering jobs/index.html.erb within layouts/application
  [1m[36mJob Load (0.0ms)[0m  [1m[34mSELECT  "jobs".* FROM "jobs" LIMIT ? OFFSET ?[0m  [["LIMIT", 9], ["OFFSET", 0]]
  [1m[35m (0.0ms)[0m  [1m[34mSELECT COUNT(*) FROM "jobs"[0m
  Rendered jobs/index.html.erb within layouts/application (47.0ms)
Completed 200 OK in 4622ms (Views: 4605.6ms | ActiveRecord: 0.0ms)


Started GET "/jobs/new" for ::1 at 2017-02-09 00:25:17 +0800
Processing by JobsController#new as HTML
  Rendering jobs/new.html.erb within layouts/application
  Rendered jobs/new.html.erb within layouts/application (0.0ms)
Completed 200 OK in 151ms (Views: 145.7ms | ActiveRecord: 0.0ms)


Started GET "/" for ::1 at 2017-02-09 00:25:21 +0800
Processing by JobsController#index as HTML
  Rendering jobs/index.html.erb within layouts/application
  [1m[36mJob Load (0.0ms)[0m  [1m[34mSELECT  "jobs".* FROM "jobs" LIMIT ? OFFSET ?[0m  [["LIMIT", 9], ["OFFSET", 0]]
  [1m[35m (0.0ms)[0m  [1m[34mSELECT COUNT(*) FROM "jobs"[0m
  Rendered jobs/index.html.erb within layouts/application (46.9ms)
Completed 200 OK in 196ms (Views: 182.3ms | ActiveRecord: 0.0ms)


Started GET "/" for ::1 at 2017-02-09 00:25:45 +0800
Processing by JobsController#index as HTML
  Rendering jobs/index.html.erb within layouts/application
  [1m[36mJob Load (0.0ms)[0m  [1m[34mSELECT  "jobs".* FROM "jobs" LIMIT ? OFFSET ?[0m  [["LIMIT", 9], ["OFFSET", 0]]
  [1m[35m (0.0ms)[0m  [1m[34mSELECT COUNT(*) FROM "jobs"[0m
  Rendered jobs/index.html.erb within layouts/application (44.3ms)
Completed 200 OK in 4623ms (Views: 4606.3ms | ActiveRecord: 0.0ms)


Started GET "/" for ::1 at 2017-02-09 00:25:53 +0800
Processing by JobsController#index as HTML
  Rendering jobs/index.html.erb within layouts/application
  [1m[36mJob Load (0.0ms)[0m  [1m[34mSELECT  "jobs".* FROM "jobs" LIMIT ? OFFSET ?[0m  [["LIMIT", 9], ["OFFSET", 0]]
  [1m[35m (0.0ms)[0m  [1m[34mSELECT COUNT(*) FROM "jobs"[0m
  Rendered jobs/index.html.erb within layouts/application (46.0ms)
Completed 200 OK in 217ms (Views: 199.5ms | ActiveRecord: 0.0ms)


Started GET "/" for ::1 at 2017-02-09 00:25:56 +0800
Processing by JobsController#index as HTML
  Rendering jobs/index.html.erb within layouts/application
  [1m[36mJob Load (0.0ms)[0m  [1m[34mSELECT  "jobs".* FROM "jobs" LIMIT ? OFFSET ?[0m  [["LIMIT", 9], ["OFFSET", 0]]
  [1m[35m (0.0ms)[0m  [1m[34mSELECT COUNT(*) FROM "jobs"[0m
  Rendered jobs/index.html.erb within layouts/application (45.9ms)
Completed 200 OK in 204ms (Views: 188.6ms | ActiveRecord: 0.0ms)


Started GET "/jobs/new" for ::1 at 2017-02-09 00:26:01 +0800
Processing by JobsController#new as HTML
  Rendering jobs/new.html.erb within layouts/application
  Rendered jobs/new.html.erb within layouts/application (7.0ms)
Completed 200 OK in 169ms (Views: 151.5ms | ActiveRecord: 0.0ms)


Started GET "/" for ::1 at 2017-02-09 00:26:03 +0800
Processing by JobsController#index as HTML
  Rendering jobs/index.html.erb within layouts/application
  [1m[36mJob Load (0.0ms)[0m  [1m[34mSELECT  "jobs".* FROM "jobs" LIMIT ? OFFSET ?[0m  [["LIMIT", 9], ["OFFSET", 0]]
  [1m[35m (0.0ms)[0m  [1m[34mSELECT COUNT(*) FROM "jobs"[0m
  Rendered jobs/index.html.erb within layouts/application (46.9ms)
Completed 200 OK in 181ms (Views: 178.8ms | ActiveRecord: 0.0ms)


Started GET "/" for ::1 at 2017-02-09 00:26:22 +0800
Processing by JobsController#index as HTML
  Rendering jobs/index.html.erb within layouts/application
  [1m[36mJob Load (1.0ms)[0m  [1m[34mSELECT  "jobs".* FROM "jobs" LIMIT ? OFFSET ?[0m  [["LIMIT", 9], ["OFFSET", 0]]
  [1m[35m (0.0ms)[0m  [1m[34mSELECT COUNT(*) FROM "jobs"[0m
  Rendered jobs/index.html.erb within layouts/application (46.8ms)
Completed 200 OK in 213ms (Views: 196.9ms | ActiveRecord: 1.0ms)


Started GET "/jobs/new" for ::1 at 2017-02-09 00:26:32 +0800
Processing by JobsController#new as HTML
  Rendering jobs/new.html.erb within layouts/application
  Rendered jobs/new.html.erb within layouts/application (15.6ms)
Completed 200 OK in 147ms (Views: 145.1ms | ActiveRecord: 0.0ms)


Started GET "/" for ::1 at 2017-02-09 00:26:35 +0800
Processing by JobsController#index as HTML
  Rendering jobs/index.html.erb within layouts/application
  [1m[36mJob Load (0.0ms)[0m  [1m[34mSELECT  "jobs".* FROM "jobs" LIMIT ? OFFSET ?[0m  [["LIMIT", 9], ["OFFSET", 0]]
  [1m[35m (0.0ms)[0m  [1m[34mSELECT COUNT(*) FROM "jobs"[0m
  Rendered jobs/index.html.erb within layouts/application (46.9ms)
Completed 200 OK in 175ms (Views: 173.5ms | ActiveRecord: 0.0ms)


Started GET "/" for ::1 at 2017-02-09 00:27:58 +0800
Processing by JobsController#index as HTML
  Rendering jobs/index.html.erb within layouts/application
  [1m[36mJob Load (0.0ms)[0m  [1m[34mSELECT  "jobs".* FROM "jobs" LIMIT ? OFFSET ?[0m  [["LIMIT", 9], ["OFFSET", 0]]
  [1m[35m (0.0ms)[0m  [1m[34mSELECT COUNT(*) FROM "jobs"[0m
  Rendered jobs/index.html.erb within layouts/application (45.7ms)
Completed 200 OK in 4603ms (Views: 4585.0ms | ActiveRecord: 0.0ms)


Started GET "/" for ::1 at 2017-02-09 00:28:23 +0800
Processing by JobsController#index as HTML
  Rendering jobs/index.html.erb within layouts/application
  [1m[36mJob Load (0.0ms)[0m  [1m[34mSELECT  "jobs".* FROM "jobs" LIMIT ? OFFSET ?[0m  [["LIMIT", 9], ["OFFSET", 0]]
  [1m[35m (1.0ms)[0m  [1m[34mSELECT COUNT(*) FROM "jobs"[0m
  Rendered jobs/index.html.erb within layouts/application (45.0ms)
Completed 200 OK in 4617ms (Views: 4599.3ms | ActiveRecord: 1.0ms)


Started GET "/jobs/new" for ::1 at 2017-02-09 00:28:53 +0800
Processing by JobsController#new as HTML
  Rendering jobs/new.html.erb within layouts/application
  Rendered jobs/new.html.erb within layouts/application (15.6ms)
Completed 200 OK in 144ms (Views: 142.3ms | ActiveRecord: 0.0ms)


Started GET "/" for ::1 at 2017-02-09 00:29:00 +0800
Processing by JobsController#index as HTML
  Rendering jobs/index.html.erb within layouts/application
  [1m[36mJob Load (1.0ms)[0m  [1m[34mSELECT  "jobs".* FROM "jobs" LIMIT ? OFFSET ?[0m  [["LIMIT", 9], ["OFFSET", 0]]
  [1m[35m (1.0ms)[0m  [1m[34mSELECT COUNT(*) FROM "jobs"[0m
  Rendered jobs/index.html.erb within layouts/application (45.3ms)
Completed 200 OK in 223ms (Views: 202.7ms | ActiveRecord: 2.0ms)


Started GET "/jobs/new" for ::1 at 2017-02-09 00:29:13 +0800
Processing by JobsController#new as HTML
  Rendering jobs/new.html.erb within layouts/application
  Rendered jobs/new.html.erb within layouts/application (15.6ms)
Completed 200 OK in 194ms (Views: 178.3ms | ActiveRecord: 0.0ms)


Started POST "/jobs" for ::1 at 2017-02-09 00:29:35 +0800
Processing by JobsController#create as HTML
  Parameters: {"utf8"=>"✓", "authenticity_token"=>"MTLmopPKemTPLVayFgHeOAmNo5OUpx3DTF2PbCEU0c69rQJbsXx9aFMwvUUAwBJp4GSDDlNo2PlGSLfDS650wA==", "job"=>{"title"=>"Title 2", "company"=>"my company 2", "url"=>"http://www.link2.com"}, "commit"=>"Create Job"}
  [1m[35m (1.0ms)[0m  [1m[36mbegin transaction[0m
  [1m[36mJob Exists (0.0ms)[0m  [1m[34mSELECT  1 AS one FROM "jobs" WHERE "jobs"."url" = ? LIMIT ?[0m  [["url", "http://www.link2.com"], ["LIMIT", 1]]
  [1m[35mSQL (1.0ms)[0m  [1m[32mINSERT INTO "jobs" ("title", "company", "url", "created_at", "updated_at") VALUES (?, ?, ?, ?, ?)[0m  [["title", "Title 2"], ["company", "my company 2"], ["url", "http://www.link2.com"], ["created_at", 2017-02-08 16:29:35 UTC], ["updated_at", 2017-02-08 16:29:35 UTC]]
  [1m[35m (4.0ms)[0m  [1m[36mcommit transaction[0m
Redirected to http://localhost:3000/
Completed 302 Found in 12ms (ActiveRecord: 6.0ms)


Started GET "/" for ::1 at 2017-02-09 00:29:35 +0800
Processing by JobsController#index as HTML
  Rendering jobs/index.html.erb within layouts/application
  [1m[36mJob Load (0.0ms)[0m  [1m[34mSELECT  "jobs".* FROM "jobs" LIMIT ? OFFSET ?[0m  [["LIMIT", 9], ["OFFSET", 0]]
  [1m[35m (1.0ms)[0m  [1m[34mSELECT COUNT(*) FROM "jobs"[0m
  Rendered jobs/index.html.erb within layouts/application (44.0ms)
Completed 200 OK in 210ms (Views: 192.2ms | ActiveRecord: 1.0ms)


Started GET "/" for ::1 at 2017-02-09 00:30:19 +0800
Processing by JobsController#index as HTML
  Rendering jobs/index.html.erb within layouts/application
  [1m[36mJob Load (0.0ms)[0m  [1m[34mSELECT  "jobs".* FROM "jobs" LIMIT ? OFFSET ?[0m  [["LIMIT", 9], ["OFFSET", 0]]
  Rendered jobs/index.html.erb within layouts/application (2.6ms)
Completed 200 OK in 172ms (Views: 155.7ms | ActiveRecord: 0.0ms)


Started GET "/" for ::1 at 2017-02-09 00:31:11 +0800
Processing by JobsController#index as HTML
  Rendering jobs/index.html.erb within layouts/application
  [1m[36mJob Load (1.0ms)[0m  [1m[34mSELECT  "jobs".* FROM "jobs" LIMIT ? OFFSET ?[0m  [["LIMIT", 9], ["OFFSET", 0]]
  Rendered jobs/index.html.erb within layouts/application (3.0ms)
Completed 200 OK in 211ms (Views: 191.5ms | ActiveRecord: 1.0ms)


Started GET "/" for ::1 at 2017-02-09 00:31:47 +0800
Processing by JobsController#index as HTML
  Rendering jobs/index.html.erb within layouts/application
  [1m[36mJob Load (0.0ms)[0m  [1m[34mSELECT  "jobs".* FROM "jobs" LIMIT ? OFFSET ?[0m  [["LIMIT", 9], ["OFFSET", 0]]
  Rendered jobs/index.html.erb within layouts/application (4.0ms)
Completed 200 OK in 169ms (Views: 151.4ms | ActiveRecord: 0.0ms)


Started GET "/" for ::1 at 2017-02-09 00:32:25 +0800
Processing by JobsController#index as HTML
  Rendering jobs/index.html.erb within layouts/application
  [1m[36mJob Load (1.0ms)[0m  [1m[34mSELECT  "jobs".* FROM "jobs" LIMIT ? OFFSET ?[0m  [["LIMIT", 9], ["OFFSET", 0]]
  Rendered jobs/index.html.erb within layouts/application (7.0ms)
Completed 200 OK in 231ms (Views: 208.2ms | ActiveRecord: 1.0ms)


